<?xml version="1.0" encoding="UTF-8"?>
<TestRun id="e129b558-d207-4468-96b0-076c54a4401b" name="curacao@LAPTOPMICHAEL 2010-07-02 23:46:22" runUser="LAPTOPMICHAEL\curacao" xmlns="http://microsoft.com/schemas/VisualStudio/TeamTest/2006">
  <TestRunConfiguration name="Local Test Run" id="c4f4f54d-cb71-44da-a4a9-eda63816ca12">
    <Description>This is a default test run configuration for a local test run.</Description>
    <Deployment runDeploymentRoot="C:\Users\curacao\Documents\Michael - NoteBook\UPC\Año 2010\Diseño\TrabajoFinal\v1.7\UPC.Trabajo.KBHit\TestResults\curacao_LAPTOPMICHAEL 2010-07-02 23_46_22">
      <DeploymentItem filename="C:\Users\curacao\Documents\Michael - NoteBook\UPC\Año 2010\Diseño\TrabajoFinal\v1.7\UPC.Trabajo.KBHit\UPC.Trabajo.KBHit.BE\bin\Debug\UPC.Trabajo.KBHit.BE.dll" />
      <DeploymentItem filename="C:\Users\curacao\Documents\Michael - NoteBook\UPC\Año 2010\Diseño\TrabajoFinal\v1.7\UPC.Trabajo.KBHit\UPC.Trabajo.KBHit.BC\bin\Debug\UPC.Trabajo.KBHit.BC.dll" />
      <DeploymentItem filename="C:\Users\curacao\Documents\Michael - NoteBook\UPC\Año 2010\Diseño\TrabajoFinal\v1.7\UPC.Trabajo.KBHit\UPC.Trabajo.KBHit.DALC\bin\Debug\UPC.Trabajo.KBHit.DALC.dll" />
    </Deployment>
    <TestTypeSpecific />
  </TestRunConfiguration>
  <ResultSummary outcome="Failed">
    <Counters total="1" executed="1" error="0" failed="1" timeout="0" aborted="0" inconclusive="0" passedButRunAborted="0" notRunnable="0" notExecuted="0" disconnected="0" warning="0" passed="0" completed="0" inProgress="0" pending="0" />
  </ResultSummary>
  <Times creation="2010-07-02T23:46:22.9700000-05:00" queuing="2010-07-02T23:46:23.4580000-05:00" start="2010-07-02T23:46:23.5140000-05:00" finish="2010-07-02T23:46:24.6490000-05:00" />
  <TestDefinitions>
    <UnitTest name="ObtenerPlataformaTest" storage="c:\users\curacao\documents\michael - notebook\upc\año 2010\diseño\trabajofinal\v1.7\upc.trabajo.kbhit\test\bin\debug\test.dll" id="c3c8361a-ae47-13ac-7812-feb4815963af">
      <Css projectStructure="" iteration="" />
      <Owners>
        <Owner name="" />
      </Owners>
      <Execution id="9aeaaf66-1a72-43de-835a-472a61eb5c5d" />
      <TestMethod codeBase="C:\Users\curacao\Documents\Michael - NoteBook\UPC\Año 2010\Diseño\TrabajoFinal\v1.7\UPC.Trabajo.KBHit\Test\bin\Debug\Test.dll" adapterTypeName="Microsoft.VisualStudio.TestTools.TestTypes.Unit.UnitTestAdapter, Microsoft.VisualStudio.QualityTools.Tips.UnitTest.Adapter, Version=9.0.0.0, Culture=neutral, PublicKeyToken=b03f5f7f11d50a3a" className="Test.PlataformaBCTest, Test" name="ObtenerPlataformaTest" />
    </UnitTest>
  </TestDefinitions>
  <TestLists>
    <TestList name="Results Not in a List" id="8c84fa94-04c1-424b-9868-57a2d4851a1d" />
    <TestList name="All Loaded Results" id="19431567-8539-422a-85d7-44ee4e166bda" />
  </TestLists>
  <TestEntries>
    <TestEntry testId="c3c8361a-ae47-13ac-7812-feb4815963af" executionId="9aeaaf66-1a72-43de-835a-472a61eb5c5d" testListId="8c84fa94-04c1-424b-9868-57a2d4851a1d" />
  </TestEntries>
  <Results>
    <UnitTestResult executionId="9aeaaf66-1a72-43de-835a-472a61eb5c5d" testId="c3c8361a-ae47-13ac-7812-feb4815963af" testName="ObtenerPlataformaTest" computerName="LAPTOPMICHAEL" duration="00:00:00.2079549" startTime="2010-07-02T23:46:23.6200000-05:00" endTime="2010-07-02T23:46:24.5520000-05:00" testType="13cdc9d9-ddb5-4fa4-a97d-d965ccfc6d4b" outcome="Failed" testListId="8c84fa94-04c1-424b-9868-57a2d4851a1d">
      <Output>
        <ErrorInfo>
          <Message>Assert.AreEqual failed. Expected:&lt;UPC.Trabajo.KBHit.BE.PlataformaBE&gt;. Actual:&lt;UPC.Trabajo.KBHit.BE.PlataformaBE&gt;. </Message>
          <StackTrace>   en Test.PlataformaBCTest.ObtenerPlataformaTest() en C:\Users\curacao\Documents\Michael - NoteBook\UPC\Año 2010\Diseño\TrabajoFinal\v1.7\UPC.Trabajo.KBHit\Test\PlataformaBCTest.cs:línea 85
</StackTrace>
        </ErrorInfo>
      </Output>
    </UnitTestResult>
  </Results>
</TestRun>