<?xml version="1.0" encoding="UTF-8"?>
<TestRun id="1536e3d5-69cd-420e-a337-51e2335bf337" name="curacao@LAPTOPMICHAEL 2010-07-03 12:18:49" runUser="LAPTOPMICHAEL\curacao" xmlns="http://microsoft.com/schemas/VisualStudio/TeamTest/2006">
  <TestRunConfiguration name="Local Test Run" id="c4f4f54d-cb71-44da-a4a9-eda63816ca12">
    <Description>This is a default test run configuration for a local test run.</Description>
    <Deployment runDeploymentRoot="C:\Users\curacao\Documents\Michael - NoteBook\UPC\Año 2010\Diseño\TrabajoFinal\v1.7\UPC.Trabajo.KBHit\TestResults\curacao_LAPTOPMICHAEL 2010-07-03 12_18_49">
      <DeploymentItem filename="C:\Users\curacao\Documents\Michael - NoteBook\UPC\Año 2010\Diseño\TrabajoFinal\v1.7\UPC.Trabajo.KBHit\UPC.Trabajo.KBHit.BE\bin\Debug\UPC.Trabajo.KBHit.BE.dll" />
      <DeploymentItem filename="C:\Users\curacao\Documents\Michael - NoteBook\UPC\Año 2010\Diseño\TrabajoFinal\v1.7\UPC.Trabajo.KBHit\UPC.Trabajo.KBHit.BC\bin\Debug\UPC.Trabajo.KBHit.BC.dll" />
      <DeploymentItem filename="C:\Users\curacao\Documents\Michael - NoteBook\UPC\Año 2010\Diseño\TrabajoFinal\v1.7\UPC.Trabajo.KBHit\UPC.Trabajo.KBHit.DALC\bin\Debug\UPC.Trabajo.KBHit.DALC.dll" />
    </Deployment>
    <TestTypeSpecific />
  </TestRunConfiguration>
  <ResultSummary outcome="Failed">
    <Counters total="1" executed="1" error="0" failed="1" timeout="0" aborted="0" inconclusive="0" passedButRunAborted="0" notRunnable="0" notExecuted="0" disconnected="0" warning="0" passed="0" completed="0" inProgress="0" pending="0" />
  </ResultSummary>
  <Times creation="2010-07-03T12:18:49.1332000-05:00" queuing="2010-07-03T12:18:49.5692000-05:00" start="2010-07-03T12:18:49.6232000-05:00" finish="2010-07-03T12:18:50.8502000-05:00" />
  <TestDefinitions>
    <UnitTest name="ObtenerAeropuertoTest" storage="c:\users\curacao\documents\michael - notebook\upc\año 2010\diseño\trabajofinal\v1.7\upc.trabajo.kbhit\test\bin\debug\test.dll" id="a4d79ee8-f273-837c-5f4e-75385de97e22">
      <Css projectStructure="" iteration="" />
      <Owners>
        <Owner name="" />
      </Owners>
      <Execution id="a16db595-16ba-46ce-8ec1-72d8e4a1fd5a" />
      <TestMethod codeBase="C:\Users\curacao\Documents\Michael - NoteBook\UPC\Año 2010\Diseño\TrabajoFinal\v1.7\UPC.Trabajo.KBHit\Test\bin\Debug\Test.dll" adapterTypeName="Microsoft.VisualStudio.TestTools.TestTypes.Unit.UnitTestAdapter, Microsoft.VisualStudio.QualityTools.Tips.UnitTest.Adapter, Version=9.0.0.0, Culture=neutral, PublicKeyToken=b03f5f7f11d50a3a" className="Test.AeropuertoBCTest, Test" name="ObtenerAeropuertoTest" />
    </UnitTest>
  </TestDefinitions>
  <TestLists>
    <TestList name="Results Not in a List" id="8c84fa94-04c1-424b-9868-57a2d4851a1d" />
    <TestList name="All Loaded Results" id="19431567-8539-422a-85d7-44ee4e166bda" />
  </TestLists>
  <TestEntries>
    <TestEntry testId="a4d79ee8-f273-837c-5f4e-75385de97e22" executionId="a16db595-16ba-46ce-8ec1-72d8e4a1fd5a" testListId="8c84fa94-04c1-424b-9868-57a2d4851a1d" />
  </TestEntries>
  <Results>
    <UnitTestResult executionId="a16db595-16ba-46ce-8ec1-72d8e4a1fd5a" testId="a4d79ee8-f273-837c-5f4e-75385de97e22" testName="ObtenerAeropuertoTest" computerName="LAPTOPMICHAEL" duration="00:00:00.3005284" startTime="2010-07-03T12:18:49.8422000-05:00" endTime="2010-07-03T12:18:50.7782000-05:00" testType="13cdc9d9-ddb5-4fa4-a97d-d965ccfc6d4b" outcome="Failed" testListId="8c84fa94-04c1-424b-9868-57a2d4851a1d">
      <Output>
        <ErrorInfo>
          <Message>Assert.AreEqual failed. Expected:&lt;06/06/2010&gt;. Actual:&lt;06/06/2010 12:00:00 a.m.&gt;. </Message>
          <StackTrace>   en Test.AeropuertoBCTest.ObtenerAeropuertoTest() en C:\Users\curacao\Documents\Michael - NoteBook\UPC\Año 2010\Diseño\TrabajoFinal\v1.7\UPC.Trabajo.KBHit\Test\AeropuertoBCTest.cs:línea 93
</StackTrace>
        </ErrorInfo>
      </Output>
    </UnitTestResult>
  </Results>
</TestRun>