<?xml version="1.0" encoding="UTF-8"?>
<TestRun id="eda59844-caf8-4f66-acca-0ed4751e0c3e" name="curacao@LAPTOPMICHAEL 2010-11-18 21:58:48" runUser="LAPTOPMICHAEL\curacao" xmlns="http://microsoft.com/schemas/VisualStudio/TeamTest/2010">
  <TestSettings name="Local Test Run" id="c4f4f54d-cb71-44da-a4a9-eda63816ca12">
    <Description>This is a default test run configuration for a local test run.</Description>
    <Deployment runDeploymentRoot="curacao_LAPTOPMICHAEL 2010-11-18 21_58_48">
      <DeploymentItem filename="C:\Users\curacao\Documents\Michael - NoteBook\UPC\Año 2010\Evolucion de Software\Producto Software\Proyecto 1\v0.0\UPC.Trabajo.KBHit\UPC.Trabajo.KBHit.BC\bin\Debug\UPC.Trabajo.KBHit.BC.dll" />
      <DeploymentItem filename="C:\Users\curacao\Documents\Michael - NoteBook\UPC\Año 2010\Evolucion de Software\Producto Software\Proyecto 1\v0.0\UPC.Trabajo.KBHit\UPC.Trabajo.KBHit.DALC\bin\Debug\UPC.Trabajo.KBHit.DALC.dll" />
      <DeploymentItem filename="C:\Users\curacao\Documents\Michael - NoteBook\UPC\Año 2010\Evolucion de Software\Producto Software\Proyecto 1\v0.0\UPC.Trabajo.KBHit\UPC.Trabajo.KBHit.External\bin\Debug\UPC.Trabajo.KBHit.External.dll" />
      <DeploymentItem filename="C:\Program Files\Reference Assemblies\Microsoft\Framework\.NETFramework\v4.0\System.Data.dll" />
      <DeploymentItem filename="C:\Program Files\Reference Assemblies\Microsoft\Framework\.NETFramework\v4.0\System.Xml.dll" />
      <DeploymentItem filename="C:\Program Files\Reference Assemblies\Microsoft\Framework\.NETFramework\v4.0\System.Xml.Linq.dll" />
      <DeploymentItem filename="C:\Program Files\Reference Assemblies\Microsoft\Framework\.NETFramework\v4.0\System.dll" />
      <DeploymentItem filename="C:\Users\curacao\Documents\Michael - NoteBook\UPC\Año 2010\Evolucion de Software\Producto Software\Proyecto 1\v0.0\UPC.Trabajo.KBHit\UPC.Trabajo.KBHit.BE\bin\Debug\UPC.Trabajo.KBHit.BE.dll" />
      <DeploymentItem filename="C:\Program Files\Reference Assemblies\Microsoft\Framework\.NETFramework\v4.0\System.Data.DataSetExtensions.dll" />
      <DeploymentItem filename="C:\Program Files\Reference Assemblies\Microsoft\Framework\.NETFramework\v4.0\System.Core.dll" />
    </Deployment>
    <Execution>
      <TestTypeSpecific />
      <AgentRule name="Execution Agents">
      </AgentRule>
    </Execution>
  </TestSettings>
  <Times creation="2010-11-18T21:58:48.3080000-05:00" queuing="2010-11-18T21:59:34.9730000-05:00" start="2010-11-18T21:59:35.0350000-05:00" finish="2010-11-18T21:59:36.1400000-05:00" />
  <ResultSummary outcome="Error">
    <Counters total="8" executed="8" passed="3" error="5" failed="0" timeout="0" aborted="0" inconclusive="0" passedButRunAborted="0" notRunnable="0" notExecuted="0" disconnected="0" warning="0" completed="0" inProgress="0" pending="0" />
    <RunInfos>
      <RunInfo computerName="LAPTOPMICHAEL" outcome="Warning" timestamp="2010-11-18T21:59:34.9710000-05:00">
        <Text>Warning: conflict during test run deployment: deployment item 'c:\users\curacao\documents\michael - notebook\upc\año 2010\evolucion de software\producto software\proyecto 1\v0.0\upc.trabajo.kbhit\test\bin\debug\UPC.Trabajo.KBHit.BC.dll' directly or indirectly referenced by the test container 'c:\users\curacao\documents\michael - notebook\upc\año 2010\evolucion de software\producto software\proyecto 1\v0.0\upc.trabajo.kbhit\test\bin\debug\test.dll' cannot be deployed to 'UPC.Trabajo.KBHit.BC.dll' because otherwise the file 'c:\users\curacao\documents\michael - notebook\upc\año 2010\evolucion de software\producto software\proyecto 1\v0.0\upc.trabajo.kbhit\test\bin\debug\UPC.Trabajo.KBHit.BC.dll' would overwrite deployment item 'C:\Users\curacao\Documents\Michael - NoteBook\UPC\Año 2010\Evolucion de Software\Producto Software\Proyecto 1\v0.0\UPC.Trabajo.KBHit\UPC.Trabajo.KBHit.BC\bin\Debug\UPC.Trabajo.KBHit.BC.dll' directly or indirectly referenced by C:\Users\curacao\Documents\Michael - NoteBook\UPC\Año 2010\Evolucion de Software\Producto Software\Proyecto 1\v0.0\UPC.Trabajo.KBHit\Test\bin\Debug\Test.dll.</Text>
      </RunInfo>
      <RunInfo computerName="LAPTOPMICHAEL" outcome="Warning" timestamp="2010-11-18T21:59:34.9720000-05:00">
        <Text>Warning: conflict during test run deployment: deployment item 'c:\users\curacao\documents\michael - notebook\upc\año 2010\evolucion de software\producto software\proyecto 1\v0.0\upc.trabajo.kbhit\test\bin\debug\UPC.Trabajo.KBHit.DALC.dll' directly or indirectly referenced by the test container 'c:\users\curacao\documents\michael - notebook\upc\año 2010\evolucion de software\producto software\proyecto 1\v0.0\upc.trabajo.kbhit\test\bin\debug\test.dll' cannot be deployed to 'UPC.Trabajo.KBHit.DALC.dll' because otherwise the file 'c:\users\curacao\documents\michael - notebook\upc\año 2010\evolucion de software\producto software\proyecto 1\v0.0\upc.trabajo.kbhit\test\bin\debug\UPC.Trabajo.KBHit.DALC.dll' would overwrite deployment item 'C:\Users\curacao\Documents\Michael - NoteBook\UPC\Año 2010\Evolucion de Software\Producto Software\Proyecto 1\v0.0\UPC.Trabajo.KBHit\UPC.Trabajo.KBHit.DALC\bin\Debug\UPC.Trabajo.KBHit.DALC.dll' directly or indirectly referenced by C:\Users\curacao\Documents\Michael - NoteBook\UPC\Año 2010\Evolucion de Software\Producto Software\Proyecto 1\v0.0\UPC.Trabajo.KBHit\Test\bin\Debug\Test.dll.</Text>
      </RunInfo>
    </RunInfos>
  </ResultSummary>
  <TestDefinitions>
    <UnitTest name="ObtenerTUUATest" storage="c:\users\curacao\documents\michael - notebook\upc\año 2010\evolucion de software\producto software\proyecto 1\v0.0\upc.trabajo.kbhit\test\bin\debug\test.dll" id="c1587f24-b29d-9a48-efd9-29814b85cc66">
      <Execution id="1bc1958c-af13-41de-a1b8-212b706d2b92" />
      <TestMethod codeBase="C:/Users/curacao/Documents/Michael - NoteBook/UPC/Año 2010/Evolucion de Software/Producto Software/Proyecto 1/v0.0/UPC.Trabajo.KBHit/Test/bin/Debug/Test.DLL" adapterTypeName="Microsoft.VisualStudio.TestTools.TestTypes.Unit.UnitTestAdapter, Microsoft.VisualStudio.QualityTools.Tips.UnitTest.Adapter, Version=10.0.0.0, Culture=neutral, PublicKeyToken=b03f5f7f11d50a3a" className="Test.TUUABCTest, Test, Version=1.0.0.0, Culture=neutral, PublicKeyToken=null" name="ObtenerTUUATest" />
    </UnitTest>
    <UnitTest name="ObtenerTUUATest1" storage="c:\users\curacao\documents\michael - notebook\upc\año 2010\evolucion de software\producto software\proyecto 1\v0.0\upc.trabajo.kbhit\test\bin\debug\test.dll" id="bb370942-5987-474b-60f8-fcdf4ad5ba60">
      <Execution id="cd4fb7b6-6739-4b6c-b466-51fa8bcb544f" />
      <TestMethod codeBase="C:/Users/curacao/Documents/Michael - NoteBook/UPC/Año 2010/Evolucion de Software/Producto Software/Proyecto 1/v0.0/UPC.Trabajo.KBHit/Test/bin/Debug/Test.DLL" adapterTypeName="Microsoft.VisualStudio.TestTools.TestTypes.Unit.UnitTestAdapter, Microsoft.VisualStudio.QualityTools.Tips.UnitTest.Adapter, Version=10.0.0.0, Culture=neutral, PublicKeyToken=b03f5f7f11d50a3a" className="Test.TUUABCTest, Test, Version=1.0.0.0, Culture=neutral, PublicKeyToken=null" name="ObtenerTUUATest1" />
    </UnitTest>
    <UnitTest name="ObtenerPlataformaTest" storage="c:\users\curacao\documents\michael - notebook\upc\año 2010\evolucion de software\producto software\proyecto 1\v0.0\upc.trabajo.kbhit\test\bin\debug\test.dll" id="c3c8361a-ae47-13ac-7812-feb4815963af">
      <Execution id="caac78b0-60e8-429e-9ce9-9e094f250588" />
      <TestMethod codeBase="C:/Users/curacao/Documents/Michael - NoteBook/UPC/Año 2010/Evolucion de Software/Producto Software/Proyecto 1/v0.0/UPC.Trabajo.KBHit/Test/bin/Debug/Test.DLL" adapterTypeName="Microsoft.VisualStudio.TestTools.TestTypes.Unit.UnitTestAdapter, Microsoft.VisualStudio.QualityTools.Tips.UnitTest.Adapter, Version=10.0.0.0, Culture=neutral, PublicKeyToken=b03f5f7f11d50a3a" className="Test.PlataformaBCTest, Test, Version=1.0.0.0, Culture=neutral, PublicKeyToken=null" name="ObtenerPlataformaTest" />
    </UnitTest>
    <UnitTest name="RegistrarTUUATest1" storage="c:\users\curacao\documents\michael - notebook\upc\año 2010\evolucion de software\producto software\proyecto 1\v0.0\upc.trabajo.kbhit\test\bin\debug\test.dll" id="36776537-9dd9-f243-cb23-9c3e230cfcb4">
      <Execution id="41fa7dae-6620-4cd5-87ba-84d9f1704315" />
      <TestMethod codeBase="C:/Users/curacao/Documents/Michael - NoteBook/UPC/Año 2010/Evolucion de Software/Producto Software/Proyecto 1/v0.0/UPC.Trabajo.KBHit/Test/bin/Debug/Test.DLL" adapterTypeName="Microsoft.VisualStudio.TestTools.TestTypes.Unit.UnitTestAdapter, Microsoft.VisualStudio.QualityTools.Tips.UnitTest.Adapter, Version=10.0.0.0, Culture=neutral, PublicKeyToken=b03f5f7f11d50a3a" className="Test.TUUABCTest, Test, Version=1.0.0.0, Culture=neutral, PublicKeyToken=null" name="RegistrarTUUATest1" />
    </UnitTest>
    <UnitTest name="ListarTUUAsTest1" storage="c:\users\curacao\documents\michael - notebook\upc\año 2010\evolucion de software\producto software\proyecto 1\v0.0\upc.trabajo.kbhit\test\bin\debug\test.dll" id="afe2461b-ce4c-a24c-0275-97dcb51e9e9c">
      <Execution id="ed798253-5794-4e67-98cf-42938b6d725a" />
      <TestMethod codeBase="C:/Users/curacao/Documents/Michael - NoteBook/UPC/Año 2010/Evolucion de Software/Producto Software/Proyecto 1/v0.0/UPC.Trabajo.KBHit/Test/bin/Debug/Test.DLL" adapterTypeName="Microsoft.VisualStudio.TestTools.TestTypes.Unit.UnitTestAdapter, Microsoft.VisualStudio.QualityTools.Tips.UnitTest.Adapter, Version=10.0.0.0, Culture=neutral, PublicKeyToken=b03f5f7f11d50a3a" className="Test.TUUABCTest, Test, Version=1.0.0.0, Culture=neutral, PublicKeyToken=null" name="ListarTUUAsTest1" />
    </UnitTest>
    <UnitTest name="ListarTUUAsTest" storage="c:\users\curacao\documents\michael - notebook\upc\año 2010\evolucion de software\producto software\proyecto 1\v0.0\upc.trabajo.kbhit\test\bin\debug\test.dll" id="809c555c-ee63-8a99-e169-b712fbba115f">
      <Execution id="b98dcc1e-5fb9-4683-b1de-95dd0bda6094" />
      <TestMethod codeBase="C:/Users/curacao/Documents/Michael - NoteBook/UPC/Año 2010/Evolucion de Software/Producto Software/Proyecto 1/v0.0/UPC.Trabajo.KBHit/Test/bin/Debug/Test.DLL" adapterTypeName="Microsoft.VisualStudio.TestTools.TestTypes.Unit.UnitTestAdapter, Microsoft.VisualStudio.QualityTools.Tips.UnitTest.Adapter, Version=10.0.0.0, Culture=neutral, PublicKeyToken=b03f5f7f11d50a3a" className="Test.TUUABCTest, Test, Version=1.0.0.0, Culture=neutral, PublicKeyToken=null" name="ListarTUUAsTest" />
    </UnitTest>
    <UnitTest name="RegistrarTUUATest" storage="c:\users\curacao\documents\michael - notebook\upc\año 2010\evolucion de software\producto software\proyecto 1\v0.0\upc.trabajo.kbhit\test\bin\debug\test.dll" id="a699b856-f2d2-91e0-3141-fe61a8dd497c">
      <Execution id="595d2956-db87-4a62-9566-94b337e4183b" />
      <TestMethod codeBase="C:/Users/curacao/Documents/Michael - NoteBook/UPC/Año 2010/Evolucion de Software/Producto Software/Proyecto 1/v0.0/UPC.Trabajo.KBHit/Test/bin/Debug/Test.DLL" adapterTypeName="Microsoft.VisualStudio.TestTools.TestTypes.Unit.UnitTestAdapter, Microsoft.VisualStudio.QualityTools.Tips.UnitTest.Adapter, Version=10.0.0.0, Culture=neutral, PublicKeyToken=b03f5f7f11d50a3a" className="Test.TUUABCTest, Test, Version=1.0.0.0, Culture=neutral, PublicKeyToken=null" name="RegistrarTUUATest" />
    </UnitTest>
    <UnitTest name="ObtenerAeropuertoTest" storage="c:\users\curacao\documents\michael - notebook\upc\año 2010\evolucion de software\producto software\proyecto 1\v0.0\upc.trabajo.kbhit\test\bin\debug\test.dll" id="a4d79ee8-f273-837c-5f4e-75385de97e22">
      <Execution id="4f7f2db9-ff81-470a-83a7-ea3661767789" />
      <TestMethod codeBase="C:/Users/curacao/Documents/Michael - NoteBook/UPC/Año 2010/Evolucion de Software/Producto Software/Proyecto 1/v0.0/UPC.Trabajo.KBHit/Test/bin/Debug/Test.DLL" adapterTypeName="Microsoft.VisualStudio.TestTools.TestTypes.Unit.UnitTestAdapter, Microsoft.VisualStudio.QualityTools.Tips.UnitTest.Adapter, Version=10.0.0.0, Culture=neutral, PublicKeyToken=b03f5f7f11d50a3a" className="Test.AeropuertoBCTest, Test, Version=1.0.0.0, Culture=neutral, PublicKeyToken=null" name="ObtenerAeropuertoTest" />
    </UnitTest>
  </TestDefinitions>
  <TestLists>
    <TestList name="Results Not in a List" id="8c84fa94-04c1-424b-9868-57a2d4851a1d" />
    <TestList name="All Loaded Results" id="19431567-8539-422a-85d7-44ee4e166bda" />
  </TestLists>
  <TestEntries>
    <TestEntry testId="36776537-9dd9-f243-cb23-9c3e230cfcb4" executionId="41fa7dae-6620-4cd5-87ba-84d9f1704315" testListId="8c84fa94-04c1-424b-9868-57a2d4851a1d" />
    <TestEntry testId="809c555c-ee63-8a99-e169-b712fbba115f" executionId="b98dcc1e-5fb9-4683-b1de-95dd0bda6094" testListId="8c84fa94-04c1-424b-9868-57a2d4851a1d" />
    <TestEntry testId="a4d79ee8-f273-837c-5f4e-75385de97e22" executionId="4f7f2db9-ff81-470a-83a7-ea3661767789" testListId="8c84fa94-04c1-424b-9868-57a2d4851a1d" />
    <TestEntry testId="a699b856-f2d2-91e0-3141-fe61a8dd497c" executionId="595d2956-db87-4a62-9566-94b337e4183b" testListId="8c84fa94-04c1-424b-9868-57a2d4851a1d" />
    <TestEntry testId="afe2461b-ce4c-a24c-0275-97dcb51e9e9c" executionId="ed798253-5794-4e67-98cf-42938b6d725a" testListId="8c84fa94-04c1-424b-9868-57a2d4851a1d" />
    <TestEntry testId="bb370942-5987-474b-60f8-fcdf4ad5ba60" executionId="cd4fb7b6-6739-4b6c-b466-51fa8bcb544f" testListId="8c84fa94-04c1-424b-9868-57a2d4851a1d" />
    <TestEntry testId="c1587f24-b29d-9a48-efd9-29814b85cc66" executionId="1bc1958c-af13-41de-a1b8-212b706d2b92" testListId="8c84fa94-04c1-424b-9868-57a2d4851a1d" />
    <TestEntry testId="c3c8361a-ae47-13ac-7812-feb4815963af" executionId="caac78b0-60e8-429e-9ce9-9e094f250588" testListId="8c84fa94-04c1-424b-9868-57a2d4851a1d" />
  </TestEntries>
  <Results>
    <UnitTestResult executionId="41fa7dae-6620-4cd5-87ba-84d9f1704315" testId="36776537-9dd9-f243-cb23-9c3e230cfcb4" testName="RegistrarTUUATest1" computerName="LAPTOPMICHAEL" startTime="2010-11-18T21:59:35.0550000-05:00" endTime="2010-11-18T21:59:35.3980000-05:00" testType="13cdc9d9-ddb5-4fa4-a97d-d965ccfc6d4b" testListId="8c84fa94-04c1-424b-9868-57a2d4851a1d" relativeResultsDirectory="41fa7dae-6620-4cd5-87ba-84d9f1704315">
      <Output>
        <ErrorInfo>
          <Message>Method Test.TUUABCTest.RegistrarTUUATest1 does not exist.</Message>
        </ErrorInfo>
      </Output>
    </UnitTestResult>
    <UnitTestResult executionId="b98dcc1e-5fb9-4683-b1de-95dd0bda6094" testId="809c555c-ee63-8a99-e169-b712fbba115f" testName="ListarTUUAsTest" computerName="LAPTOPMICHAEL" startTime="2010-11-18T21:59:35.4030000-05:00" endTime="2010-11-18T21:59:35.4180000-05:00" testType="13cdc9d9-ddb5-4fa4-a97d-d965ccfc6d4b" testListId="8c84fa94-04c1-424b-9868-57a2d4851a1d" relativeResultsDirectory="b98dcc1e-5fb9-4683-b1de-95dd0bda6094">
      <Output>
        <ErrorInfo>
          <Message>Method Test.TUUABCTest.ListarTUUAsTest does not exist.</Message>
        </ErrorInfo>
      </Output>
    </UnitTestResult>
    <UnitTestResult executionId="4f7f2db9-ff81-470a-83a7-ea3661767789" testId="a4d79ee8-f273-837c-5f4e-75385de97e22" testName="ObtenerAeropuertoTest" computerName="LAPTOPMICHAEL" duration="00:00:00.0854769" startTime="2010-11-18T21:59:35.4270000-05:00" endTime="2010-11-18T21:59:35.5380000-05:00" testType="13cdc9d9-ddb5-4fa4-a97d-d965ccfc6d4b" outcome="Passed" testListId="8c84fa94-04c1-424b-9868-57a2d4851a1d" relativeResultsDirectory="4f7f2db9-ff81-470a-83a7-ea3661767789">
    </UnitTestResult>
    <UnitTestResult executionId="595d2956-db87-4a62-9566-94b337e4183b" testId="a699b856-f2d2-91e0-3141-fe61a8dd497c" testName="RegistrarTUUATest" computerName="LAPTOPMICHAEL" startTime="2010-11-18T21:59:35.5420000-05:00" endTime="2010-11-18T21:59:35.5500000-05:00" testType="13cdc9d9-ddb5-4fa4-a97d-d965ccfc6d4b" testListId="8c84fa94-04c1-424b-9868-57a2d4851a1d" relativeResultsDirectory="595d2956-db87-4a62-9566-94b337e4183b">
      <Output>
        <ErrorInfo>
          <Message>Method Test.TUUABCTest.RegistrarTUUATest does not exist.</Message>
        </ErrorInfo>
      </Output>
    </UnitTestResult>
    <UnitTestResult executionId="ed798253-5794-4e67-98cf-42938b6d725a" testId="afe2461b-ce4c-a24c-0275-97dcb51e9e9c" testName="ListarTUUAsTest1" computerName="LAPTOPMICHAEL" startTime="2010-11-18T21:59:35.5620000-05:00" endTime="2010-11-18T21:59:35.5730000-05:00" testType="13cdc9d9-ddb5-4fa4-a97d-d965ccfc6d4b" testListId="8c84fa94-04c1-424b-9868-57a2d4851a1d" relativeResultsDirectory="ed798253-5794-4e67-98cf-42938b6d725a">
      <Output>
        <ErrorInfo>
          <Message>Method Test.TUUABCTest.ListarTUUAsTest1 does not exist.</Message>
        </ErrorInfo>
      </Output>
    </UnitTestResult>
    <UnitTestResult executionId="cd4fb7b6-6739-4b6c-b466-51fa8bcb544f" testId="bb370942-5987-474b-60f8-fcdf4ad5ba60" testName="ObtenerTUUATest1" computerName="LAPTOPMICHAEL" startTime="2010-11-18T21:59:35.5890000-05:00" endTime="2010-11-18T21:59:35.6010000-05:00" testType="13cdc9d9-ddb5-4fa4-a97d-d965ccfc6d4b" testListId="8c84fa94-04c1-424b-9868-57a2d4851a1d" relativeResultsDirectory="cd4fb7b6-6739-4b6c-b466-51fa8bcb544f">
      <Output>
        <ErrorInfo>
          <Message>Method Test.TUUABCTest.ObtenerTUUATest1 does not exist.</Message>
        </ErrorInfo>
      </Output>
    </UnitTestResult>
    <UnitTestResult executionId="1bc1958c-af13-41de-a1b8-212b706d2b92" testId="c1587f24-b29d-9a48-efd9-29814b85cc66" testName="ObtenerTUUATest" computerName="LAPTOPMICHAEL" duration="00:00:00.1426891" startTime="2010-11-18T21:59:35.6200000-05:00" endTime="2010-11-18T21:59:35.7720000-05:00" testType="13cdc9d9-ddb5-4fa4-a97d-d965ccfc6d4b" outcome="Passed" testListId="8c84fa94-04c1-424b-9868-57a2d4851a1d" relativeResultsDirectory="1bc1958c-af13-41de-a1b8-212b706d2b92">
    </UnitTestResult>
    <UnitTestResult executionId="caac78b0-60e8-429e-9ce9-9e094f250588" testId="c3c8361a-ae47-13ac-7812-feb4815963af" testName="ObtenerPlataformaTest" computerName="LAPTOPMICHAEL" duration="00:00:00.0077149" startTime="2010-11-18T21:59:35.7860000-05:00" endTime="2010-11-18T21:59:35.8000000-05:00" testType="13cdc9d9-ddb5-4fa4-a97d-d965ccfc6d4b" outcome="Passed" testListId="8c84fa94-04c1-424b-9868-57a2d4851a1d" relativeResultsDirectory="caac78b0-60e8-429e-9ce9-9e094f250588">
    </UnitTestResult>
  </Results>
</TestRun>