<?xml version="1.0" encoding="UTF-8"?>
<TestRun id="9b3d36ad-c638-4976-aaa6-07e213d53121" name="curacao@LAPTOPMICHAEL 2010-11-18 21:58:01" runUser="LAPTOPMICHAEL\curacao" xmlns="http://microsoft.com/schemas/VisualStudio/TeamTest/2010">
  <TestSettings name="Local Test Run" id="c4f4f54d-cb71-44da-a4a9-eda63816ca12">
    <Description>This is a default test run configuration for a local test run.</Description>
    <Deployment runDeploymentRoot="curacao_LAPTOPMICHAEL 2010-11-18 21_58_01">
      <DeploymentItem filename="C:\Users\curacao\Documents\Michael - NoteBook\UPC\Año 2010\Evolucion de Software\Producto Software\Proyecto 1\v0.0\UPC.Trabajo.KBHit\UPC.Trabajo.KBHit.BC\bin\Debug\UPC.Trabajo.KBHit.BC.dll" />
      <DeploymentItem filename="C:\Users\curacao\Documents\Michael - NoteBook\UPC\Año 2010\Evolucion de Software\Producto Software\Proyecto 1\v0.0\UPC.Trabajo.KBHit\UPC.Trabajo.KBHit.DALC\bin\Debug\UPC.Trabajo.KBHit.DALC.dll" />
      <DeploymentItem filename="C:\Users\curacao\Documents\Michael - NoteBook\UPC\Año 2010\Evolucion de Software\Producto Software\Proyecto 1\v0.0\UPC.Trabajo.KBHit\UPC.Trabajo.KBHit.External\bin\Debug\UPC.Trabajo.KBHit.External.dll" />
      <DeploymentItem filename="C:\Program Files\Reference Assemblies\Microsoft\Framework\.NETFramework\v4.0\System.Data.dll" />
      <DeploymentItem filename="C:\Program Files\Reference Assemblies\Microsoft\Framework\.NETFramework\v4.0\System.Xml.dll" />
      <DeploymentItem filename="C:\Program Files\Reference Assemblies\Microsoft\Framework\.NETFramework\v4.0\System.Xml.Linq.dll" />
      <DeploymentItem filename="C:\Program Files\Reference Assemblies\Microsoft\Framework\.NETFramework\v4.0\System.dll" />
      <DeploymentItem filename="C:\Users\curacao\Documents\Michael - NoteBook\UPC\Año 2010\Evolucion de Software\Producto Software\Proyecto 1\v0.0\UPC.Trabajo.KBHit\UPC.Trabajo.KBHit.BE\bin\Debug\UPC.Trabajo.KBHit.BE.dll" />
      <DeploymentItem filename="C:\Program Files\Reference Assemblies\Microsoft\Framework\.NETFramework\v4.0\System.Data.DataSetExtensions.dll" />
      <DeploymentItem filename="C:\Program Files\Reference Assemblies\Microsoft\Framework\.NETFramework\v4.0\System.Core.dll" />
    </Deployment>
    <Execution>
      <TestTypeSpecific />
      <AgentRule name="Execution Agents">
      </AgentRule>
    </Execution>
  </TestSettings>
  <Times creation="2010-11-18T21:58:01.2790000-05:00" queuing="2010-11-18T21:58:05.6700000-05:00" start="2010-11-18T21:58:05.8040000-05:00" finish="2010-11-18T21:58:08.4320000-05:00" />
  <ResultSummary outcome="Error">
    <Counters total="8" executed="8" passed="3" error="5" failed="0" timeout="0" aborted="0" inconclusive="0" passedButRunAborted="0" notRunnable="0" notExecuted="0" disconnected="0" warning="0" completed="0" inProgress="0" pending="0" />
    <RunInfos>
      <RunInfo computerName="LAPTOPMICHAEL" outcome="Warning" timestamp="2010-11-18T21:58:05.6670000-05:00">
        <Text>Warning: conflict during test run deployment: deployment item 'c:\users\curacao\documents\michael - notebook\upc\año 2010\evolucion de software\producto software\proyecto 1\v0.0\upc.trabajo.kbhit\test\bin\debug\UPC.Trabajo.KBHit.BC.dll' directly or indirectly referenced by the test container 'c:\users\curacao\documents\michael - notebook\upc\año 2010\evolucion de software\producto software\proyecto 1\v0.0\upc.trabajo.kbhit\test\bin\debug\test.dll' cannot be deployed to 'UPC.Trabajo.KBHit.BC.dll' because otherwise the file 'c:\users\curacao\documents\michael - notebook\upc\año 2010\evolucion de software\producto software\proyecto 1\v0.0\upc.trabajo.kbhit\test\bin\debug\UPC.Trabajo.KBHit.BC.dll' would overwrite deployment item 'C:\Users\curacao\Documents\Michael - NoteBook\UPC\Año 2010\Evolucion de Software\Producto Software\Proyecto 1\v0.0\UPC.Trabajo.KBHit\UPC.Trabajo.KBHit.BC\bin\Debug\UPC.Trabajo.KBHit.BC.dll' directly or indirectly referenced by C:\Users\curacao\Documents\Michael - NoteBook\UPC\Año 2010\Evolucion de Software\Producto Software\Proyecto 1\v0.0\UPC.Trabajo.KBHit\Test\bin\Debug\Test.dll.</Text>
      </RunInfo>
      <RunInfo computerName="LAPTOPMICHAEL" outcome="Warning" timestamp="2010-11-18T21:58:05.6680000-05:00">
        <Text>Warning: conflict during test run deployment: deployment item 'c:\users\curacao\documents\michael - notebook\upc\año 2010\evolucion de software\producto software\proyecto 1\v0.0\upc.trabajo.kbhit\test\bin\debug\UPC.Trabajo.KBHit.DALC.dll' directly or indirectly referenced by the test container 'c:\users\curacao\documents\michael - notebook\upc\año 2010\evolucion de software\producto software\proyecto 1\v0.0\upc.trabajo.kbhit\test\bin\debug\test.dll' cannot be deployed to 'UPC.Trabajo.KBHit.DALC.dll' because otherwise the file 'c:\users\curacao\documents\michael - notebook\upc\año 2010\evolucion de software\producto software\proyecto 1\v0.0\upc.trabajo.kbhit\test\bin\debug\UPC.Trabajo.KBHit.DALC.dll' would overwrite deployment item 'C:\Users\curacao\Documents\Michael - NoteBook\UPC\Año 2010\Evolucion de Software\Producto Software\Proyecto 1\v0.0\UPC.Trabajo.KBHit\UPC.Trabajo.KBHit.DALC\bin\Debug\UPC.Trabajo.KBHit.DALC.dll' directly or indirectly referenced by C:\Users\curacao\Documents\Michael - NoteBook\UPC\Año 2010\Evolucion de Software\Producto Software\Proyecto 1\v0.0\UPC.Trabajo.KBHit\Test\bin\Debug\Test.dll.</Text>
      </RunInfo>
    </RunInfos>
  </ResultSummary>
  <TestDefinitions>
    <UnitTest name="ObtenerTUUATest" storage="c:\users\curacao\documents\michael - notebook\upc\año 2010\evolucion de software\producto software\proyecto 1\v0.0\upc.trabajo.kbhit\test\bin\debug\test.dll" id="c1587f24-b29d-9a48-efd9-29814b85cc66">
      <Execution id="c58ab889-cb08-4d61-aac2-296fbf544193" />
      <TestMethod codeBase="C:/Users/curacao/Documents/Michael - NoteBook/UPC/Año 2010/Evolucion de Software/Producto Software/Proyecto 1/v0.0/UPC.Trabajo.KBHit/Test/bin/Debug/Test.DLL" adapterTypeName="Microsoft.VisualStudio.TestTools.TestTypes.Unit.UnitTestAdapter, Microsoft.VisualStudio.QualityTools.Tips.UnitTest.Adapter, Version=10.0.0.0, Culture=neutral, PublicKeyToken=b03f5f7f11d50a3a" className="Test.TUUABCTest, Test, Version=1.0.0.0, Culture=neutral, PublicKeyToken=null" name="ObtenerTUUATest" />
    </UnitTest>
    <UnitTest name="ObtenerTUUATest1" storage="c:\users\curacao\documents\michael - notebook\upc\año 2010\evolucion de software\producto software\proyecto 1\v0.0\upc.trabajo.kbhit\test\bin\debug\test.dll" id="bb370942-5987-474b-60f8-fcdf4ad5ba60">
      <Execution id="aed0623a-4c7d-42ed-a944-e63096969e26" />
      <TestMethod codeBase="C:/Users/curacao/Documents/Michael - NoteBook/UPC/Año 2010/Evolucion de Software/Producto Software/Proyecto 1/v0.0/UPC.Trabajo.KBHit/Test/bin/Debug/Test.DLL" adapterTypeName="Microsoft.VisualStudio.TestTools.TestTypes.Unit.UnitTestAdapter, Microsoft.VisualStudio.QualityTools.Tips.UnitTest.Adapter, Version=10.0.0.0, Culture=neutral, PublicKeyToken=b03f5f7f11d50a3a" className="Test.TUUABCTest, Test, Version=1.0.0.0, Culture=neutral, PublicKeyToken=null" name="ObtenerTUUATest1" />
    </UnitTest>
    <UnitTest name="ObtenerPlataformaTest" storage="c:\users\curacao\documents\michael - notebook\upc\año 2010\evolucion de software\producto software\proyecto 1\v0.0\upc.trabajo.kbhit\test\bin\debug\test.dll" id="c3c8361a-ae47-13ac-7812-feb4815963af">
      <Execution id="14f7227b-3946-4195-83f0-7c72f178e5a5" />
      <TestMethod codeBase="C:/Users/curacao/Documents/Michael - NoteBook/UPC/Año 2010/Evolucion de Software/Producto Software/Proyecto 1/v0.0/UPC.Trabajo.KBHit/Test/bin/Debug/Test.DLL" adapterTypeName="Microsoft.VisualStudio.TestTools.TestTypes.Unit.UnitTestAdapter, Microsoft.VisualStudio.QualityTools.Tips.UnitTest.Adapter, Version=10.0.0.0, Culture=neutral, PublicKeyToken=b03f5f7f11d50a3a" className="Test.PlataformaBCTest, Test, Version=1.0.0.0, Culture=neutral, PublicKeyToken=null" name="ObtenerPlataformaTest" />
    </UnitTest>
    <UnitTest name="RegistrarTUUATest1" storage="c:\users\curacao\documents\michael - notebook\upc\año 2010\evolucion de software\producto software\proyecto 1\v0.0\upc.trabajo.kbhit\test\bin\debug\test.dll" id="36776537-9dd9-f243-cb23-9c3e230cfcb4">
      <Execution id="cf5c22e8-595b-4c42-bffc-9711ae102a69" />
      <TestMethod codeBase="C:/Users/curacao/Documents/Michael - NoteBook/UPC/Año 2010/Evolucion de Software/Producto Software/Proyecto 1/v0.0/UPC.Trabajo.KBHit/Test/bin/Debug/Test.DLL" adapterTypeName="Microsoft.VisualStudio.TestTools.TestTypes.Unit.UnitTestAdapter, Microsoft.VisualStudio.QualityTools.Tips.UnitTest.Adapter, Version=10.0.0.0, Culture=neutral, PublicKeyToken=b03f5f7f11d50a3a" className="Test.TUUABCTest, Test, Version=1.0.0.0, Culture=neutral, PublicKeyToken=null" name="RegistrarTUUATest1" />
    </UnitTest>
    <UnitTest name="ListarTUUAsTest1" storage="c:\users\curacao\documents\michael - notebook\upc\año 2010\evolucion de software\producto software\proyecto 1\v0.0\upc.trabajo.kbhit\test\bin\debug\test.dll" id="afe2461b-ce4c-a24c-0275-97dcb51e9e9c">
      <Execution id="960227ba-8fe0-457c-b2d0-a1057c205c50" />
      <TestMethod codeBase="C:/Users/curacao/Documents/Michael - NoteBook/UPC/Año 2010/Evolucion de Software/Producto Software/Proyecto 1/v0.0/UPC.Trabajo.KBHit/Test/bin/Debug/Test.DLL" adapterTypeName="Microsoft.VisualStudio.TestTools.TestTypes.Unit.UnitTestAdapter, Microsoft.VisualStudio.QualityTools.Tips.UnitTest.Adapter, Version=10.0.0.0, Culture=neutral, PublicKeyToken=b03f5f7f11d50a3a" className="Test.TUUABCTest, Test, Version=1.0.0.0, Culture=neutral, PublicKeyToken=null" name="ListarTUUAsTest1" />
    </UnitTest>
    <UnitTest name="ListarTUUAsTest" storage="c:\users\curacao\documents\michael - notebook\upc\año 2010\evolucion de software\producto software\proyecto 1\v0.0\upc.trabajo.kbhit\test\bin\debug\test.dll" id="809c555c-ee63-8a99-e169-b712fbba115f">
      <Execution id="276cfe16-44df-449d-b651-7f40baece138" />
      <TestMethod codeBase="C:/Users/curacao/Documents/Michael - NoteBook/UPC/Año 2010/Evolucion de Software/Producto Software/Proyecto 1/v0.0/UPC.Trabajo.KBHit/Test/bin/Debug/Test.DLL" adapterTypeName="Microsoft.VisualStudio.TestTools.TestTypes.Unit.UnitTestAdapter, Microsoft.VisualStudio.QualityTools.Tips.UnitTest.Adapter, Version=10.0.0.0, Culture=neutral, PublicKeyToken=b03f5f7f11d50a3a" className="Test.TUUABCTest, Test, Version=1.0.0.0, Culture=neutral, PublicKeyToken=null" name="ListarTUUAsTest" />
    </UnitTest>
    <UnitTest name="RegistrarTUUATest" storage="c:\users\curacao\documents\michael - notebook\upc\año 2010\evolucion de software\producto software\proyecto 1\v0.0\upc.trabajo.kbhit\test\bin\debug\test.dll" id="a699b856-f2d2-91e0-3141-fe61a8dd497c">
      <Execution id="6a27b069-5024-419a-b53c-fb8df17a0496" />
      <TestMethod codeBase="C:/Users/curacao/Documents/Michael - NoteBook/UPC/Año 2010/Evolucion de Software/Producto Software/Proyecto 1/v0.0/UPC.Trabajo.KBHit/Test/bin/Debug/Test.DLL" adapterTypeName="Microsoft.VisualStudio.TestTools.TestTypes.Unit.UnitTestAdapter, Microsoft.VisualStudio.QualityTools.Tips.UnitTest.Adapter, Version=10.0.0.0, Culture=neutral, PublicKeyToken=b03f5f7f11d50a3a" className="Test.TUUABCTest, Test, Version=1.0.0.0, Culture=neutral, PublicKeyToken=null" name="RegistrarTUUATest" />
    </UnitTest>
    <UnitTest name="ObtenerAeropuertoTest" storage="c:\users\curacao\documents\michael - notebook\upc\año 2010\evolucion de software\producto software\proyecto 1\v0.0\upc.trabajo.kbhit\test\bin\debug\test.dll" id="a4d79ee8-f273-837c-5f4e-75385de97e22">
      <Execution id="a707709b-3a09-4dbb-b583-2ae75d4f6387" />
      <TestMethod codeBase="C:/Users/curacao/Documents/Michael - NoteBook/UPC/Año 2010/Evolucion de Software/Producto Software/Proyecto 1/v0.0/UPC.Trabajo.KBHit/Test/bin/Debug/Test.DLL" adapterTypeName="Microsoft.VisualStudio.TestTools.TestTypes.Unit.UnitTestAdapter, Microsoft.VisualStudio.QualityTools.Tips.UnitTest.Adapter, Version=10.0.0.0, Culture=neutral, PublicKeyToken=b03f5f7f11d50a3a" className="Test.AeropuertoBCTest, Test, Version=1.0.0.0, Culture=neutral, PublicKeyToken=null" name="ObtenerAeropuertoTest" />
    </UnitTest>
  </TestDefinitions>
  <TestLists>
    <TestList name="Results Not in a List" id="8c84fa94-04c1-424b-9868-57a2d4851a1d" />
    <TestList name="All Loaded Results" id="19431567-8539-422a-85d7-44ee4e166bda" />
  </TestLists>
  <TestEntries>
    <TestEntry testId="36776537-9dd9-f243-cb23-9c3e230cfcb4" executionId="cf5c22e8-595b-4c42-bffc-9711ae102a69" testListId="8c84fa94-04c1-424b-9868-57a2d4851a1d" />
    <TestEntry testId="809c555c-ee63-8a99-e169-b712fbba115f" executionId="276cfe16-44df-449d-b651-7f40baece138" testListId="8c84fa94-04c1-424b-9868-57a2d4851a1d" />
    <TestEntry testId="a4d79ee8-f273-837c-5f4e-75385de97e22" executionId="a707709b-3a09-4dbb-b583-2ae75d4f6387" testListId="8c84fa94-04c1-424b-9868-57a2d4851a1d" />
    <TestEntry testId="a699b856-f2d2-91e0-3141-fe61a8dd497c" executionId="6a27b069-5024-419a-b53c-fb8df17a0496" testListId="8c84fa94-04c1-424b-9868-57a2d4851a1d" />
    <TestEntry testId="afe2461b-ce4c-a24c-0275-97dcb51e9e9c" executionId="960227ba-8fe0-457c-b2d0-a1057c205c50" testListId="8c84fa94-04c1-424b-9868-57a2d4851a1d" />
    <TestEntry testId="bb370942-5987-474b-60f8-fcdf4ad5ba60" executionId="aed0623a-4c7d-42ed-a944-e63096969e26" testListId="8c84fa94-04c1-424b-9868-57a2d4851a1d" />
    <TestEntry testId="c1587f24-b29d-9a48-efd9-29814b85cc66" executionId="c58ab889-cb08-4d61-aac2-296fbf544193" testListId="8c84fa94-04c1-424b-9868-57a2d4851a1d" />
    <TestEntry testId="c3c8361a-ae47-13ac-7812-feb4815963af" executionId="14f7227b-3946-4195-83f0-7c72f178e5a5" testListId="8c84fa94-04c1-424b-9868-57a2d4851a1d" />
  </TestEntries>
  <Results>
    <UnitTestResult executionId="cf5c22e8-595b-4c42-bffc-9711ae102a69" testId="36776537-9dd9-f243-cb23-9c3e230cfcb4" testName="RegistrarTUUATest1" computerName="LAPTOPMICHAEL" startTime="2010-11-18T21:58:05.8400000-05:00" endTime="2010-11-18T21:58:06.3740000-05:00" testType="13cdc9d9-ddb5-4fa4-a97d-d965ccfc6d4b" testListId="8c84fa94-04c1-424b-9868-57a2d4851a1d" relativeResultsDirectory="cf5c22e8-595b-4c42-bffc-9711ae102a69">
      <Output>
        <ErrorInfo>
          <Message>Method Test.TUUABCTest.RegistrarTUUATest1 does not exist.</Message>
        </ErrorInfo>
      </Output>
    </UnitTestResult>
    <UnitTestResult executionId="276cfe16-44df-449d-b651-7f40baece138" testId="809c555c-ee63-8a99-e169-b712fbba115f" testName="ListarTUUAsTest" computerName="LAPTOPMICHAEL" startTime="2010-11-18T21:58:06.3920000-05:00" endTime="2010-11-18T21:58:06.4110000-05:00" testType="13cdc9d9-ddb5-4fa4-a97d-d965ccfc6d4b" testListId="8c84fa94-04c1-424b-9868-57a2d4851a1d" relativeResultsDirectory="276cfe16-44df-449d-b651-7f40baece138">
      <Output>
        <ErrorInfo>
          <Message>Method Test.TUUABCTest.ListarTUUAsTest does not exist.</Message>
        </ErrorInfo>
      </Output>
    </UnitTestResult>
    <UnitTestResult executionId="a707709b-3a09-4dbb-b583-2ae75d4f6387" testId="a4d79ee8-f273-837c-5f4e-75385de97e22" testName="ObtenerAeropuertoTest" computerName="LAPTOPMICHAEL" duration="00:00:00.2915955" startTime="2010-11-18T21:58:06.4150000-05:00" endTime="2010-11-18T21:58:06.7480000-05:00" testType="13cdc9d9-ddb5-4fa4-a97d-d965ccfc6d4b" outcome="Passed" testListId="8c84fa94-04c1-424b-9868-57a2d4851a1d" relativeResultsDirectory="a707709b-3a09-4dbb-b583-2ae75d4f6387">
    </UnitTestResult>
    <UnitTestResult executionId="6a27b069-5024-419a-b53c-fb8df17a0496" testId="a699b856-f2d2-91e0-3141-fe61a8dd497c" testName="RegistrarTUUATest" computerName="LAPTOPMICHAEL" startTime="2010-11-18T21:58:06.7580000-05:00" endTime="2010-11-18T21:58:06.7690000-05:00" testType="13cdc9d9-ddb5-4fa4-a97d-d965ccfc6d4b" testListId="8c84fa94-04c1-424b-9868-57a2d4851a1d" relativeResultsDirectory="6a27b069-5024-419a-b53c-fb8df17a0496">
      <Output>
        <ErrorInfo>
          <Message>Method Test.TUUABCTest.RegistrarTUUATest does not exist.</Message>
        </ErrorInfo>
      </Output>
    </UnitTestResult>
    <UnitTestResult executionId="960227ba-8fe0-457c-b2d0-a1057c205c50" testId="afe2461b-ce4c-a24c-0275-97dcb51e9e9c" testName="ListarTUUAsTest1" computerName="LAPTOPMICHAEL" startTime="2010-11-18T21:58:06.7870000-05:00" endTime="2010-11-18T21:58:06.7990000-05:00" testType="13cdc9d9-ddb5-4fa4-a97d-d965ccfc6d4b" testListId="8c84fa94-04c1-424b-9868-57a2d4851a1d" relativeResultsDirectory="960227ba-8fe0-457c-b2d0-a1057c205c50">
      <Output>
        <ErrorInfo>
          <Message>Method Test.TUUABCTest.ListarTUUAsTest1 does not exist.</Message>
        </ErrorInfo>
      </Output>
    </UnitTestResult>
    <UnitTestResult executionId="aed0623a-4c7d-42ed-a944-e63096969e26" testId="bb370942-5987-474b-60f8-fcdf4ad5ba60" testName="ObtenerTUUATest1" computerName="LAPTOPMICHAEL" startTime="2010-11-18T21:58:06.8110000-05:00" endTime="2010-11-18T21:58:06.8190000-05:00" testType="13cdc9d9-ddb5-4fa4-a97d-d965ccfc6d4b" testListId="8c84fa94-04c1-424b-9868-57a2d4851a1d" relativeResultsDirectory="aed0623a-4c7d-42ed-a944-e63096969e26">
      <Output>
        <ErrorInfo>
          <Message>Method Test.TUUABCTest.ObtenerTUUATest1 does not exist.</Message>
        </ErrorInfo>
      </Output>
    </UnitTestResult>
    <UnitTestResult executionId="c58ab889-cb08-4d61-aac2-296fbf544193" testId="c1587f24-b29d-9a48-efd9-29814b85cc66" testName="ObtenerTUUATest" computerName="LAPTOPMICHAEL" duration="00:00:00.0240624" startTime="2010-11-18T21:58:06.8320000-05:00" endTime="2010-11-18T21:58:06.8640000-05:00" testType="13cdc9d9-ddb5-4fa4-a97d-d965ccfc6d4b" outcome="Passed" testListId="8c84fa94-04c1-424b-9868-57a2d4851a1d" relativeResultsDirectory="c58ab889-cb08-4d61-aac2-296fbf544193">
    </UnitTestResult>
    <UnitTestResult executionId="14f7227b-3946-4195-83f0-7c72f178e5a5" testId="c3c8361a-ae47-13ac-7812-feb4815963af" testName="ObtenerPlataformaTest" computerName="LAPTOPMICHAEL" duration="00:00:00.0083207" startTime="2010-11-18T21:58:06.8670000-05:00" endTime="2010-11-18T21:58:06.8830000-05:00" testType="13cdc9d9-ddb5-4fa4-a97d-d965ccfc6d4b" outcome="Passed" testListId="8c84fa94-04c1-424b-9868-57a2d4851a1d" relativeResultsDirectory="14f7227b-3946-4195-83f0-7c72f178e5a5">
    </UnitTestResult>
  </Results>
</TestRun>