<?xml version="1.0" encoding="UTF-8"?>
<TestRun id="77cfb62b-5ea2-44a5-91e5-36cdaeddea26" name="curacao@LAPTOPMICHAEL 2010-11-18 22:58:18" runUser="LAPTOPMICHAEL\curacao" xmlns="http://microsoft.com/schemas/VisualStudio/TeamTest/2010">
  <TestSettings name="Local Test Run" id="c4f4f54d-cb71-44da-a4a9-eda63816ca12">
    <Description>This is a default test run configuration for a local test run.</Description>
    <Deployment runDeploymentRoot="curacao_LAPTOPMICHAEL 2010-11-18 22_58_18">
      <DeploymentItem filename="C:\Users\curacao\Documents\Michael - NoteBook\UPC\Año 2010\Evolucion de Software\Producto Software\Proyecto 1\v0.0\UPC.Trabajo.KBHit\UPC.Trabajo.KBHit.BC\bin\Debug\UPC.Trabajo.KBHit.BC.dll" />
      <DeploymentItem filename="C:\Users\curacao\Documents\Michael - NoteBook\UPC\Año 2010\Evolucion de Software\Producto Software\Proyecto 1\v0.0\UPC.Trabajo.KBHit\UPC.Trabajo.KBHit.DALC\bin\Debug\UPC.Trabajo.KBHit.DALC.dll" />
      <DeploymentItem filename="C:\Users\curacao\Documents\Michael - NoteBook\UPC\Año 2010\Evolucion de Software\Producto Software\Proyecto 1\v0.0\UPC.Trabajo.KBHit\UPC.Trabajo.KBHit.External\bin\Debug\UPC.Trabajo.KBHit.External.dll" />
      <DeploymentItem filename="C:\Program Files\Reference Assemblies\Microsoft\Framework\.NETFramework\v4.0\System.Data.dll" />
      <DeploymentItem filename="C:\Program Files\Reference Assemblies\Microsoft\Framework\.NETFramework\v4.0\System.Xml.dll" />
      <DeploymentItem filename="C:\Program Files\Reference Assemblies\Microsoft\Framework\.NETFramework\v4.0\System.Xml.Linq.dll" />
      <DeploymentItem filename="C:\Program Files\Reference Assemblies\Microsoft\Framework\.NETFramework\v4.0\System.dll" />
      <DeploymentItem filename="C:\Users\curacao\Documents\Michael - NoteBook\UPC\Año 2010\Evolucion de Software\Producto Software\Proyecto 1\v0.0\UPC.Trabajo.KBHit\UPC.Trabajo.KBHit.BE\bin\Debug\UPC.Trabajo.KBHit.BE.dll" />
      <DeploymentItem filename="C:\Program Files\Reference Assemblies\Microsoft\Framework\.NETFramework\v4.0\System.Data.DataSetExtensions.dll" />
      <DeploymentItem filename="C:\Program Files\Reference Assemblies\Microsoft\Framework\.NETFramework\v4.0\System.Core.dll" />
    </Deployment>
    <Execution>
      <TestTypeSpecific />
      <AgentRule name="Execution Agents">
      </AgentRule>
    </Execution>
  </TestSettings>
  <Times creation="2010-11-18T22:58:18.0504000-05:00" queuing="2010-11-18T22:58:19.1284000-05:00" start="2010-11-18T22:58:19.4164000-05:00" finish="2010-11-18T22:58:22.0914000-05:00" />
  <ResultSummary outcome="Warning">
    <Counters total="3" executed="3" passed="3" error="0" failed="0" timeout="0" aborted="0" inconclusive="0" passedButRunAborted="0" notRunnable="0" notExecuted="0" disconnected="0" warning="0" completed="0" inProgress="0" pending="0" />
    <RunInfos>
      <RunInfo computerName="LAPTOPMICHAEL" outcome="Warning" timestamp="2010-11-18T22:58:19.1194000-05:00">
        <Text>Warning: conflict during test run deployment: deployment item 'c:\users\curacao\documents\michael - notebook\upc\año 2010\evolucion de software\producto software\proyecto 1\v0.0\upc.trabajo.kbhit\test\bin\debug\UPC.Trabajo.KBHit.BC.dll' directly or indirectly referenced by the test container 'c:\users\curacao\documents\michael - notebook\upc\año 2010\evolucion de software\producto software\proyecto 1\v0.0\upc.trabajo.kbhit\test\bin\debug\test.dll' cannot be deployed to 'UPC.Trabajo.KBHit.BC.dll' because otherwise the file 'c:\users\curacao\documents\michael - notebook\upc\año 2010\evolucion de software\producto software\proyecto 1\v0.0\upc.trabajo.kbhit\test\bin\debug\UPC.Trabajo.KBHit.BC.dll' would overwrite deployment item 'C:\Users\curacao\Documents\Michael - NoteBook\UPC\Año 2010\Evolucion de Software\Producto Software\Proyecto 1\v0.0\UPC.Trabajo.KBHit\UPC.Trabajo.KBHit.BC\bin\Debug\UPC.Trabajo.KBHit.BC.dll' directly or indirectly referenced by C:\Users\curacao\Documents\Michael - NoteBook\UPC\Año 2010\Evolucion de Software\Producto Software\Proyecto 1\v0.0\UPC.Trabajo.KBHit\Test\bin\Debug\Test.dll.</Text>
      </RunInfo>
      <RunInfo computerName="LAPTOPMICHAEL" outcome="Warning" timestamp="2010-11-18T22:58:19.1194000-05:00">
        <Text>Warning: conflict during test run deployment: deployment item 'c:\users\curacao\documents\michael - notebook\upc\año 2010\evolucion de software\producto software\proyecto 1\v0.0\upc.trabajo.kbhit\test\bin\debug\UPC.Trabajo.KBHit.BE.dll' directly or indirectly referenced by the test container 'c:\users\curacao\documents\michael - notebook\upc\año 2010\evolucion de software\producto software\proyecto 1\v0.0\upc.trabajo.kbhit\test\bin\debug\test.dll' cannot be deployed to 'UPC.Trabajo.KBHit.BE.dll' because otherwise the file 'c:\users\curacao\documents\michael - notebook\upc\año 2010\evolucion de software\producto software\proyecto 1\v0.0\upc.trabajo.kbhit\test\bin\debug\UPC.Trabajo.KBHit.BE.dll' would overwrite deployment item 'C:\Users\curacao\Documents\Michael - NoteBook\UPC\Año 2010\Evolucion de Software\Producto Software\Proyecto 1\v0.0\UPC.Trabajo.KBHit\UPC.Trabajo.KBHit.BE\bin\Debug\UPC.Trabajo.KBHit.BE.dll' directly or indirectly referenced by C:\Users\curacao\Documents\Michael - NoteBook\UPC\Año 2010\Evolucion de Software\Producto Software\Proyecto 1\v0.0\UPC.Trabajo.KBHit\Test\bin\Debug\Test.dll.</Text>
      </RunInfo>
      <RunInfo computerName="LAPTOPMICHAEL" outcome="Warning" timestamp="2010-11-18T22:58:19.1204000-05:00">
        <Text>Warning: conflict during test run deployment: deployment item 'c:\users\curacao\documents\michael - notebook\upc\año 2010\evolucion de software\producto software\proyecto 1\v0.0\upc.trabajo.kbhit\test\bin\debug\UPC.Trabajo.KBHit.External.dll' directly or indirectly referenced by the test container 'c:\users\curacao\documents\michael - notebook\upc\año 2010\evolucion de software\producto software\proyecto 1\v0.0\upc.trabajo.kbhit\test\bin\debug\test.dll' cannot be deployed to 'UPC.Trabajo.KBHit.External.dll' because otherwise the file 'c:\users\curacao\documents\michael - notebook\upc\año 2010\evolucion de software\producto software\proyecto 1\v0.0\upc.trabajo.kbhit\test\bin\debug\UPC.Trabajo.KBHit.External.dll' would overwrite deployment item 'C:\Users\curacao\Documents\Michael - NoteBook\UPC\Año 2010\Evolucion de Software\Producto Software\Proyecto 1\v0.0\UPC.Trabajo.KBHit\UPC.Trabajo.KBHit.External\bin\Debug\UPC.Trabajo.KBHit.External.dll' directly or indirectly referenced by C:\Users\curacao\Documents\Michael - NoteBook\UPC\Año 2010\Evolucion de Software\Producto Software\Proyecto 1\v0.0\UPC.Trabajo.KBHit\Test\bin\Debug\Test.dll.</Text>
      </RunInfo>
      <RunInfo computerName="LAPTOPMICHAEL" outcome="Warning" timestamp="2010-11-18T22:58:19.1204000-05:00">
        <Text>Warning: conflict during test run deployment: deployment item 'c:\users\curacao\documents\michael - notebook\upc\año 2010\evolucion de software\producto software\proyecto 1\v0.0\upc.trabajo.kbhit\test\bin\debug\UPC.Trabajo.KBHit.DALC.dll' directly or indirectly referenced by the test container 'c:\users\curacao\documents\michael - notebook\upc\año 2010\evolucion de software\producto software\proyecto 1\v0.0\upc.trabajo.kbhit\test\bin\debug\test.dll' cannot be deployed to 'UPC.Trabajo.KBHit.DALC.dll' because otherwise the file 'c:\users\curacao\documents\michael - notebook\upc\año 2010\evolucion de software\producto software\proyecto 1\v0.0\upc.trabajo.kbhit\test\bin\debug\UPC.Trabajo.KBHit.DALC.dll' would overwrite deployment item 'C:\Users\curacao\Documents\Michael - NoteBook\UPC\Año 2010\Evolucion de Software\Producto Software\Proyecto 1\v0.0\UPC.Trabajo.KBHit\UPC.Trabajo.KBHit.DALC\bin\Debug\UPC.Trabajo.KBHit.DALC.dll' directly or indirectly referenced by C:\Users\curacao\Documents\Michael - NoteBook\UPC\Año 2010\Evolucion de Software\Producto Software\Proyecto 1\v0.0\UPC.Trabajo.KBHit\Test\bin\Debug\Test.dll.</Text>
      </RunInfo>
    </RunInfos>
  </ResultSummary>
  <TestDefinitions>
    <UnitTest name="ObtenerAeropuertoTest" storage="c:\users\curacao\documents\michael - notebook\upc\año 2010\evolucion de software\producto software\proyecto 1\v0.0\upc.trabajo.kbhit\test\bin\debug\test.dll" id="a4d79ee8-f273-837c-5f4e-75385de97e22">
      <Execution id="8d43b758-eba0-4e5e-8b27-e461d6e7b35c" />
      <TestMethod codeBase="C:/Users/curacao/Documents/Michael - NoteBook/UPC/Año 2010/Evolucion de Software/Producto Software/Proyecto 1/v0.0/UPC.Trabajo.KBHit/Test/bin/Debug/Test.DLL" adapterTypeName="Microsoft.VisualStudio.TestTools.TestTypes.Unit.UnitTestAdapter, Microsoft.VisualStudio.QualityTools.Tips.UnitTest.Adapter, Version=10.0.0.0, Culture=neutral, PublicKeyToken=b03f5f7f11d50a3a" className="Test.AeropuertoBCTest, Test, Version=1.0.0.0, Culture=neutral, PublicKeyToken=null" name="ObtenerAeropuertoTest" />
    </UnitTest>
    <UnitTest name="ObtenerTUUATest" storage="c:\users\curacao\documents\michael - notebook\upc\año 2010\evolucion de software\producto software\proyecto 1\v0.0\upc.trabajo.kbhit\test\bin\debug\test.dll" id="c1587f24-b29d-9a48-efd9-29814b85cc66">
      <Execution id="4136dba2-baa2-4b31-867b-06255add7280" />
      <TestMethod codeBase="C:/Users/curacao/Documents/Michael - NoteBook/UPC/Año 2010/Evolucion de Software/Producto Software/Proyecto 1/v0.0/UPC.Trabajo.KBHit/Test/bin/Debug/Test.DLL" adapterTypeName="Microsoft.VisualStudio.TestTools.TestTypes.Unit.UnitTestAdapter, Microsoft.VisualStudio.QualityTools.Tips.UnitTest.Adapter, Version=10.0.0.0, Culture=neutral, PublicKeyToken=b03f5f7f11d50a3a" className="Test.TUUABCTest, Test, Version=1.0.0.0, Culture=neutral, PublicKeyToken=null" name="ObtenerTUUATest" />
    </UnitTest>
    <UnitTest name="ObtenerPlataformaTest" storage="c:\users\curacao\documents\michael - notebook\upc\año 2010\evolucion de software\producto software\proyecto 1\v0.0\upc.trabajo.kbhit\test\bin\debug\test.dll" id="c3c8361a-ae47-13ac-7812-feb4815963af">
      <Execution id="28e30bf9-119b-48a3-a712-faa2d1c6843e" />
      <TestMethod codeBase="C:/Users/curacao/Documents/Michael - NoteBook/UPC/Año 2010/Evolucion de Software/Producto Software/Proyecto 1/v0.0/UPC.Trabajo.KBHit/Test/bin/Debug/Test.DLL" adapterTypeName="Microsoft.VisualStudio.TestTools.TestTypes.Unit.UnitTestAdapter, Microsoft.VisualStudio.QualityTools.Tips.UnitTest.Adapter, Version=10.0.0.0, Culture=neutral, PublicKeyToken=b03f5f7f11d50a3a" className="Test.PlataformaBCTest, Test, Version=1.0.0.0, Culture=neutral, PublicKeyToken=null" name="ObtenerPlataformaTest" />
    </UnitTest>
  </TestDefinitions>
  <TestLists>
    <TestList name="Results Not in a List" id="8c84fa94-04c1-424b-9868-57a2d4851a1d" />
    <TestList name="All Loaded Results" id="19431567-8539-422a-85d7-44ee4e166bda" />
  </TestLists>
  <TestEntries>
    <TestEntry testId="a4d79ee8-f273-837c-5f4e-75385de97e22" executionId="8d43b758-eba0-4e5e-8b27-e461d6e7b35c" testListId="8c84fa94-04c1-424b-9868-57a2d4851a1d" />
    <TestEntry testId="c1587f24-b29d-9a48-efd9-29814b85cc66" executionId="4136dba2-baa2-4b31-867b-06255add7280" testListId="8c84fa94-04c1-424b-9868-57a2d4851a1d" />
    <TestEntry testId="c3c8361a-ae47-13ac-7812-feb4815963af" executionId="28e30bf9-119b-48a3-a712-faa2d1c6843e" testListId="8c84fa94-04c1-424b-9868-57a2d4851a1d" />
  </TestEntries>
  <Results>
    <UnitTestResult executionId="8d43b758-eba0-4e5e-8b27-e461d6e7b35c" testId="a4d79ee8-f273-837c-5f4e-75385de97e22" testName="ObtenerAeropuertoTest" computerName="LAPTOPMICHAEL" duration="00:00:00.2864053" startTime="2010-11-18T22:58:19.5944000-05:00" endTime="2010-11-18T22:58:20.4584000-05:00" testType="13cdc9d9-ddb5-4fa4-a97d-d965ccfc6d4b" outcome="Passed" testListId="8c84fa94-04c1-424b-9868-57a2d4851a1d" relativeResultsDirectory="8d43b758-eba0-4e5e-8b27-e461d6e7b35c">
    </UnitTestResult>
    <UnitTestResult executionId="4136dba2-baa2-4b31-867b-06255add7280" testId="c1587f24-b29d-9a48-efd9-29814b85cc66" testName="ObtenerTUUATest" computerName="LAPTOPMICHAEL" duration="00:00:00.0563655" startTime="2010-11-18T22:58:20.4734000-05:00" endTime="2010-11-18T22:58:20.5374000-05:00" testType="13cdc9d9-ddb5-4fa4-a97d-d965ccfc6d4b" outcome="Passed" testListId="8c84fa94-04c1-424b-9868-57a2d4851a1d" relativeResultsDirectory="4136dba2-baa2-4b31-867b-06255add7280">
    </UnitTestResult>
    <UnitTestResult executionId="28e30bf9-119b-48a3-a712-faa2d1c6843e" testId="c3c8361a-ae47-13ac-7812-feb4815963af" testName="ObtenerPlataformaTest" computerName="LAPTOPMICHAEL" duration="00:00:00.0060706" startTime="2010-11-18T22:58:20.5424000-05:00" endTime="2010-11-18T22:58:20.5544000-05:00" testType="13cdc9d9-ddb5-4fa4-a97d-d965ccfc6d4b" outcome="Passed" testListId="8c84fa94-04c1-424b-9868-57a2d4851a1d" relativeResultsDirectory="28e30bf9-119b-48a3-a712-faa2d1c6843e">
    </UnitTestResult>
  </Results>
</TestRun>