<?xml version="1.0" encoding="UTF-8"?>
<TestRun id="1d5a5760-44a2-462d-9988-fa5de0f197c9" name="curacao@LAPTOPMICHAEL 2010-11-18 21:06:32" runUser="LAPTOPMICHAEL\curacao" xmlns="http://microsoft.com/schemas/VisualStudio/TeamTest/2010">
  <TestSettings name="Local Test Run" id="c4f4f54d-cb71-44da-a4a9-eda63816ca12">
    <Description>This is a default test run configuration for a local test run.</Description>
    <Deployment runDeploymentRoot="curacao_LAPTOPMICHAEL 2010-11-18 21_06_32">
      <DeploymentItem filename="C:\Users\curacao\Documents\Michael - NoteBook\UPC\Año 2010\Evolucion de Software\Producto Software\Proyecto 1\v0.0\UPC.Trabajo.KBHit\UPC.Trabajo.KBHit.BC\bin\Debug\UPC.Trabajo.KBHit.BC.dll" />
      <DeploymentItem filename="C:\Users\curacao\Documents\Michael - NoteBook\UPC\Año 2010\Evolucion de Software\Producto Software\Proyecto 1\v0.0\UPC.Trabajo.KBHit\UPC.Trabajo.KBHit.DALC\bin\Debug\UPC.Trabajo.KBHit.DALC.dll" />
      <DeploymentItem filename="C:\Users\curacao\Documents\Michael - NoteBook\UPC\Año 2010\Evolucion de Software\Producto Software\Proyecto 1\v0.0\UPC.Trabajo.KBHit\UPC.Trabajo.KBHit.External\bin\Debug\UPC.Trabajo.KBHit.External.dll" />
      <DeploymentItem filename="C:\Program Files\Reference Assemblies\Microsoft\Framework\.NETFramework\v4.0\System.Data.dll" />
      <DeploymentItem filename="C:\Program Files\Reference Assemblies\Microsoft\Framework\.NETFramework\v4.0\System.Xml.dll" />
      <DeploymentItem filename="C:\Program Files\Reference Assemblies\Microsoft\Framework\.NETFramework\v4.0\System.Xml.Linq.dll" />
      <DeploymentItem filename="C:\Program Files\Reference Assemblies\Microsoft\Framework\.NETFramework\v4.0\System.dll" />
      <DeploymentItem filename="C:\Users\curacao\Documents\Michael - NoteBook\UPC\Año 2010\Evolucion de Software\Producto Software\Proyecto 1\v0.0\UPC.Trabajo.KBHit\UPC.Trabajo.KBHit.BE\bin\Debug\UPC.Trabajo.KBHit.BE.dll" />
      <DeploymentItem filename="C:\Program Files\Reference Assemblies\Microsoft\Framework\.NETFramework\v4.0\System.Data.DataSetExtensions.dll" />
      <DeploymentItem filename="C:\Program Files\Reference Assemblies\Microsoft\Framework\.NETFramework\v4.0\System.Core.dll" />
    </Deployment>
    <Execution>
      <TestTypeSpecific />
      <AgentRule name="Execution Agents">
      </AgentRule>
    </Execution>
  </TestSettings>
  <Times creation="2010-11-18T21:06:32.1606000-05:00" queuing="2010-11-18T21:06:37.3242000-05:00" start="2010-11-18T21:06:37.4802000-05:00" finish="2010-11-18T21:06:45.7830000-05:00" />
  <ResultSummary outcome="Failed">
    <Counters total="8" executed="8" passed="2" error="0" failed="6" timeout="0" aborted="0" inconclusive="0" passedButRunAborted="0" notRunnable="0" notExecuted="0" disconnected="0" warning="0" completed="0" inProgress="0" pending="0" />
    <RunInfos>
      <RunInfo computerName="LAPTOPMICHAEL" outcome="Warning" timestamp="2010-11-18T21:06:37.2930000-05:00">
        <Text>Warning: conflict during test run deployment: deployment item 'c:\users\curacao\documents\michael - notebook\upc\año 2010\evolucion de software\producto software\proyecto 1\v0.0\upc.trabajo.kbhit\test\bin\debug\UPC.Trabajo.KBHit.BC.dll' directly or indirectly referenced by the test container 'c:\users\curacao\documents\michael - notebook\upc\año 2010\evolucion de software\producto software\proyecto 1\v0.0\upc.trabajo.kbhit\test\bin\debug\test.dll' cannot be deployed to 'UPC.Trabajo.KBHit.BC.dll' because otherwise the file 'c:\users\curacao\documents\michael - notebook\upc\año 2010\evolucion de software\producto software\proyecto 1\v0.0\upc.trabajo.kbhit\test\bin\debug\UPC.Trabajo.KBHit.BC.dll' would overwrite deployment item 'C:\Users\curacao\Documents\Michael - NoteBook\UPC\Año 2010\Evolucion de Software\Producto Software\Proyecto 1\v0.0\UPC.Trabajo.KBHit\UPC.Trabajo.KBHit.BC\bin\Debug\UPC.Trabajo.KBHit.BC.dll' directly or indirectly referenced by C:\Users\curacao\Documents\Michael - NoteBook\UPC\Año 2010\Evolucion de Software\Producto Software\Proyecto 1\v0.0\UPC.Trabajo.KBHit\Test\bin\Debug\Test.dll.</Text>
      </RunInfo>
      <RunInfo computerName="LAPTOPMICHAEL" outcome="Warning" timestamp="2010-11-18T21:06:37.2930000-05:00">
        <Text>Warning: conflict during test run deployment: deployment item 'c:\users\curacao\documents\michael - notebook\upc\año 2010\evolucion de software\producto software\proyecto 1\v0.0\upc.trabajo.kbhit\test\bin\debug\UPC.Trabajo.KBHit.BE.dll' directly or indirectly referenced by the test container 'c:\users\curacao\documents\michael - notebook\upc\año 2010\evolucion de software\producto software\proyecto 1\v0.0\upc.trabajo.kbhit\test\bin\debug\test.dll' cannot be deployed to 'UPC.Trabajo.KBHit.BE.dll' because otherwise the file 'c:\users\curacao\documents\michael - notebook\upc\año 2010\evolucion de software\producto software\proyecto 1\v0.0\upc.trabajo.kbhit\test\bin\debug\UPC.Trabajo.KBHit.BE.dll' would overwrite deployment item 'C:\Users\curacao\Documents\Michael - NoteBook\UPC\Año 2010\Evolucion de Software\Producto Software\Proyecto 1\v0.0\UPC.Trabajo.KBHit\UPC.Trabajo.KBHit.BE\bin\Debug\UPC.Trabajo.KBHit.BE.dll' directly or indirectly referenced by C:\Users\curacao\Documents\Michael - NoteBook\UPC\Año 2010\Evolucion de Software\Producto Software\Proyecto 1\v0.0\UPC.Trabajo.KBHit\Test\bin\Debug\Test.dll.</Text>
      </RunInfo>
      <RunInfo computerName="LAPTOPMICHAEL" outcome="Warning" timestamp="2010-11-18T21:06:37.2930000-05:00">
        <Text>Warning: conflict during test run deployment: deployment item 'c:\users\curacao\documents\michael - notebook\upc\año 2010\evolucion de software\producto software\proyecto 1\v0.0\upc.trabajo.kbhit\test\bin\debug\UPC.Trabajo.KBHit.DALC.dll' directly or indirectly referenced by the test container 'c:\users\curacao\documents\michael - notebook\upc\año 2010\evolucion de software\producto software\proyecto 1\v0.0\upc.trabajo.kbhit\test\bin\debug\test.dll' cannot be deployed to 'UPC.Trabajo.KBHit.DALC.dll' because otherwise the file 'c:\users\curacao\documents\michael - notebook\upc\año 2010\evolucion de software\producto software\proyecto 1\v0.0\upc.trabajo.kbhit\test\bin\debug\UPC.Trabajo.KBHit.DALC.dll' would overwrite deployment item 'C:\Users\curacao\Documents\Michael - NoteBook\UPC\Año 2010\Evolucion de Software\Producto Software\Proyecto 1\v0.0\UPC.Trabajo.KBHit\UPC.Trabajo.KBHit.DALC\bin\Debug\UPC.Trabajo.KBHit.DALC.dll' directly or indirectly referenced by C:\Users\curacao\Documents\Michael - NoteBook\UPC\Año 2010\Evolucion de Software\Producto Software\Proyecto 1\v0.0\UPC.Trabajo.KBHit\Test\bin\Debug\Test.dll.</Text>
      </RunInfo>
    </RunInfos>
  </ResultSummary>
  <TestDefinitions>
    <UnitTest name="ObtenerTUUATest" storage="c:\users\curacao\documents\michael - notebook\upc\año 2010\evolucion de software\producto software\proyecto 1\v0.0\upc.trabajo.kbhit\test\bin\debug\test.dll" id="c1587f24-b29d-9a48-efd9-29814b85cc66">
      <Execution id="3f96e043-2ca9-4dac-ba19-2ed0442f27d8" />
      <TestMethod codeBase="C:/Users/curacao/Documents/Michael - NoteBook/UPC/Año 2010/Evolucion de Software/Producto Software/Proyecto 1/v0.0/UPC.Trabajo.KBHit/Test/bin/Debug/Test.DLL" adapterTypeName="Microsoft.VisualStudio.TestTools.TestTypes.Unit.UnitTestAdapter, Microsoft.VisualStudio.QualityTools.Tips.UnitTest.Adapter, Version=10.0.0.0, Culture=neutral, PublicKeyToken=b03f5f7f11d50a3a" className="Test.TUUABCTest, Test, Version=1.0.0.0, Culture=neutral, PublicKeyToken=null" name="ObtenerTUUATest" />
    </UnitTest>
    <UnitTest name="ObtenerTUUATest1" storage="c:\users\curacao\documents\michael - notebook\upc\año 2010\evolucion de software\producto software\proyecto 1\v0.0\upc.trabajo.kbhit\test\bin\debug\test.dll" id="bb370942-5987-474b-60f8-fcdf4ad5ba60">
      <Execution id="8763b596-9801-48c8-b209-437b9d5690c3" />
      <TestMethod codeBase="C:/Users/curacao/Documents/Michael - NoteBook/UPC/Año 2010/Evolucion de Software/Producto Software/Proyecto 1/v0.0/UPC.Trabajo.KBHit/Test/bin/Debug/Test.DLL" adapterTypeName="Microsoft.VisualStudio.TestTools.TestTypes.Unit.UnitTestAdapter, Microsoft.VisualStudio.QualityTools.Tips.UnitTest.Adapter, Version=10.0.0.0, Culture=neutral, PublicKeyToken=b03f5f7f11d50a3a" className="Test.TUUABCTest, Test, Version=1.0.0.0, Culture=neutral, PublicKeyToken=null" name="ObtenerTUUATest1" />
    </UnitTest>
    <UnitTest name="ObtenerPlataformaTest" storage="c:\users\curacao\documents\michael - notebook\upc\año 2010\evolucion de software\producto software\proyecto 1\v0.0\upc.trabajo.kbhit\test\bin\debug\test.dll" id="c3c8361a-ae47-13ac-7812-feb4815963af">
      <Execution id="9014fa2f-bbb4-4893-a285-f370685feec2" />
      <TestMethod codeBase="C:/Users/curacao/Documents/Michael - NoteBook/UPC/Año 2010/Evolucion de Software/Producto Software/Proyecto 1/v0.0/UPC.Trabajo.KBHit/Test/bin/Debug/Test.DLL" adapterTypeName="Microsoft.VisualStudio.TestTools.TestTypes.Unit.UnitTestAdapter, Microsoft.VisualStudio.QualityTools.Tips.UnitTest.Adapter, Version=10.0.0.0, Culture=neutral, PublicKeyToken=b03f5f7f11d50a3a" className="Test.PlataformaBCTest, Test, Version=1.0.0.0, Culture=neutral, PublicKeyToken=null" name="ObtenerPlataformaTest" />
    </UnitTest>
    <UnitTest name="RegistrarTUUATest1" storage="c:\users\curacao\documents\michael - notebook\upc\año 2010\evolucion de software\producto software\proyecto 1\v0.0\upc.trabajo.kbhit\test\bin\debug\test.dll" id="36776537-9dd9-f243-cb23-9c3e230cfcb4">
      <Execution id="8247b328-c3fb-48f4-9aa6-65dc6a58f3de" />
      <TestMethod codeBase="C:/Users/curacao/Documents/Michael - NoteBook/UPC/Año 2010/Evolucion de Software/Producto Software/Proyecto 1/v0.0/UPC.Trabajo.KBHit/Test/bin/Debug/Test.DLL" adapterTypeName="Microsoft.VisualStudio.TestTools.TestTypes.Unit.UnitTestAdapter, Microsoft.VisualStudio.QualityTools.Tips.UnitTest.Adapter, Version=10.0.0.0, Culture=neutral, PublicKeyToken=b03f5f7f11d50a3a" className="Test.TUUABCTest, Test, Version=1.0.0.0, Culture=neutral, PublicKeyToken=null" name="RegistrarTUUATest1" />
    </UnitTest>
    <UnitTest name="ListarTUUAsTest1" storage="c:\users\curacao\documents\michael - notebook\upc\año 2010\evolucion de software\producto software\proyecto 1\v0.0\upc.trabajo.kbhit\test\bin\debug\test.dll" id="afe2461b-ce4c-a24c-0275-97dcb51e9e9c">
      <Execution id="a75d374f-72ce-4116-91cc-802e635321cc" />
      <TestMethod codeBase="C:/Users/curacao/Documents/Michael - NoteBook/UPC/Año 2010/Evolucion de Software/Producto Software/Proyecto 1/v0.0/UPC.Trabajo.KBHit/Test/bin/Debug/Test.DLL" adapterTypeName="Microsoft.VisualStudio.TestTools.TestTypes.Unit.UnitTestAdapter, Microsoft.VisualStudio.QualityTools.Tips.UnitTest.Adapter, Version=10.0.0.0, Culture=neutral, PublicKeyToken=b03f5f7f11d50a3a" className="Test.TUUABCTest, Test, Version=1.0.0.0, Culture=neutral, PublicKeyToken=null" name="ListarTUUAsTest1" />
    </UnitTest>
    <UnitTest name="ListarTUUAsTest" storage="c:\users\curacao\documents\michael - notebook\upc\año 2010\evolucion de software\producto software\proyecto 1\v0.0\upc.trabajo.kbhit\test\bin\debug\test.dll" id="809c555c-ee63-8a99-e169-b712fbba115f">
      <Execution id="c2ae635f-10f2-46d9-bbb1-c532f0ede1c4" />
      <TestMethod codeBase="C:/Users/curacao/Documents/Michael - NoteBook/UPC/Año 2010/Evolucion de Software/Producto Software/Proyecto 1/v0.0/UPC.Trabajo.KBHit/Test/bin/Debug/Test.DLL" adapterTypeName="Microsoft.VisualStudio.TestTools.TestTypes.Unit.UnitTestAdapter, Microsoft.VisualStudio.QualityTools.Tips.UnitTest.Adapter, Version=10.0.0.0, Culture=neutral, PublicKeyToken=b03f5f7f11d50a3a" className="Test.TUUABCTest, Test, Version=1.0.0.0, Culture=neutral, PublicKeyToken=null" name="ListarTUUAsTest" />
    </UnitTest>
    <UnitTest name="RegistrarTUUATest" storage="c:\users\curacao\documents\michael - notebook\upc\año 2010\evolucion de software\producto software\proyecto 1\v0.0\upc.trabajo.kbhit\test\bin\debug\test.dll" id="a699b856-f2d2-91e0-3141-fe61a8dd497c">
      <Execution id="5f2c4dda-d8c4-437a-93af-b66f64a11c26" />
      <TestMethod codeBase="C:/Users/curacao/Documents/Michael - NoteBook/UPC/Año 2010/Evolucion de Software/Producto Software/Proyecto 1/v0.0/UPC.Trabajo.KBHit/Test/bin/Debug/Test.DLL" adapterTypeName="Microsoft.VisualStudio.TestTools.TestTypes.Unit.UnitTestAdapter, Microsoft.VisualStudio.QualityTools.Tips.UnitTest.Adapter, Version=10.0.0.0, Culture=neutral, PublicKeyToken=b03f5f7f11d50a3a" className="Test.TUUABCTest, Test, Version=1.0.0.0, Culture=neutral, PublicKeyToken=null" name="RegistrarTUUATest" />
    </UnitTest>
    <UnitTest name="ObtenerAeropuertoTest" storage="c:\users\curacao\documents\michael - notebook\upc\año 2010\evolucion de software\producto software\proyecto 1\v0.0\upc.trabajo.kbhit\test\bin\debug\test.dll" id="a4d79ee8-f273-837c-5f4e-75385de97e22">
      <Execution id="86d9951f-edc4-442f-8e54-f8519822e0d0" />
      <TestMethod codeBase="C:/Users/curacao/Documents/Michael - NoteBook/UPC/Año 2010/Evolucion de Software/Producto Software/Proyecto 1/v0.0/UPC.Trabajo.KBHit/Test/bin/Debug/Test.DLL" adapterTypeName="Microsoft.VisualStudio.TestTools.TestTypes.Unit.UnitTestAdapter, Microsoft.VisualStudio.QualityTools.Tips.UnitTest.Adapter, Version=10.0.0.0, Culture=neutral, PublicKeyToken=b03f5f7f11d50a3a" className="Test.AeropuertoBCTest, Test, Version=1.0.0.0, Culture=neutral, PublicKeyToken=null" name="ObtenerAeropuertoTest" />
    </UnitTest>
  </TestDefinitions>
  <TestLists>
    <TestList name="Results Not in a List" id="8c84fa94-04c1-424b-9868-57a2d4851a1d" />
    <TestList name="All Loaded Results" id="19431567-8539-422a-85d7-44ee4e166bda" />
  </TestLists>
  <TestEntries>
    <TestEntry testId="36776537-9dd9-f243-cb23-9c3e230cfcb4" executionId="8247b328-c3fb-48f4-9aa6-65dc6a58f3de" testListId="8c84fa94-04c1-424b-9868-57a2d4851a1d" />
    <TestEntry testId="809c555c-ee63-8a99-e169-b712fbba115f" executionId="c2ae635f-10f2-46d9-bbb1-c532f0ede1c4" testListId="8c84fa94-04c1-424b-9868-57a2d4851a1d" />
    <TestEntry testId="a4d79ee8-f273-837c-5f4e-75385de97e22" executionId="86d9951f-edc4-442f-8e54-f8519822e0d0" testListId="8c84fa94-04c1-424b-9868-57a2d4851a1d" />
    <TestEntry testId="a699b856-f2d2-91e0-3141-fe61a8dd497c" executionId="5f2c4dda-d8c4-437a-93af-b66f64a11c26" testListId="8c84fa94-04c1-424b-9868-57a2d4851a1d" />
    <TestEntry testId="afe2461b-ce4c-a24c-0275-97dcb51e9e9c" executionId="a75d374f-72ce-4116-91cc-802e635321cc" testListId="8c84fa94-04c1-424b-9868-57a2d4851a1d" />
    <TestEntry testId="bb370942-5987-474b-60f8-fcdf4ad5ba60" executionId="8763b596-9801-48c8-b209-437b9d5690c3" testListId="8c84fa94-04c1-424b-9868-57a2d4851a1d" />
    <TestEntry testId="c1587f24-b29d-9a48-efd9-29814b85cc66" executionId="3f96e043-2ca9-4dac-ba19-2ed0442f27d8" testListId="8c84fa94-04c1-424b-9868-57a2d4851a1d" />
    <TestEntry testId="c3c8361a-ae47-13ac-7812-feb4815963af" executionId="9014fa2f-bbb4-4893-a285-f370685feec2" testListId="8c84fa94-04c1-424b-9868-57a2d4851a1d" />
  </TestEntries>
  <Results>
    <UnitTestResult executionId="8247b328-c3fb-48f4-9aa6-65dc6a58f3de" testId="36776537-9dd9-f243-cb23-9c3e230cfcb4" testName="RegistrarTUUATest1" computerName="LAPTOPMICHAEL" duration="00:00:05.1306306" startTime="2010-11-18T21:06:37.5270000-05:00" endTime="2010-11-18T21:06:43.1550000-05:00" testType="13cdc9d9-ddb5-4fa4-a97d-d965ccfc6d4b" outcome="Failed" testListId="8c84fa94-04c1-424b-9868-57a2d4851a1d" relativeResultsDirectory="8247b328-c3fb-48f4-9aa6-65dc6a58f3de">
      <Output>
        <ErrorInfo>
          <Message>Test method Test.TUUABCTest.RegistrarTUUATest1 threw exception: 
System.NullReferenceException: Object reference not set to an instance of an object.</Message>
          <StackTrace>    at UPC.Trabajo.KBHit.BC.TUUABC.RegistrarTUUA(TUUABE objTUUABE) in C:\Users\curacao\Documents\Michael - NoteBook\UPC\Año 2010\Evolucion de Software\Producto Software\Proyecto 1\v0.0\UPC.Trabajo.KBHit\UPC.Trabajo.KBHit.BC\TUUABC.cs:line 67
   at Test.TUUABCTest.RegistrarTUUATest1() in C:\Users\curacao\Documents\Michael - NoteBook\UPC\Año 2010\Evolucion de Software\Producto Software\Proyecto 1\v0.0\UPC.Trabajo.KBHit\Test\TUUABCTest.cs:line 142
</StackTrace>
        </ErrorInfo>
      </Output>
    </UnitTestResult>
    <UnitTestResult executionId="c2ae635f-10f2-46d9-bbb1-c532f0ede1c4" testId="809c555c-ee63-8a99-e169-b712fbba115f" testName="ListarTUUAsTest" computerName="LAPTOPMICHAEL" duration="00:00:00.3331255" startTime="2010-11-18T21:06:43.1630000-05:00" endTime="2010-11-18T21:06:43.5060000-05:00" testType="13cdc9d9-ddb5-4fa4-a97d-d965ccfc6d4b" outcome="Failed" testListId="8c84fa94-04c1-424b-9868-57a2d4851a1d" relativeResultsDirectory="c2ae635f-10f2-46d9-bbb1-c532f0ede1c4">
      <Output>
        <ErrorInfo>
          <Message>Assert.AreEqual failed. Expected:&lt;(null)&gt;. Actual:&lt;System.Collections.Generic.List`1[UPC.Trabajo.KBHit.BE.TUUABE]&gt;. </Message>
          <StackTrace>   at Test.TUUABCTest.ListarTUUAsTest() in C:\Users\curacao\Documents\Michael - NoteBook\UPC\Año 2010\Evolucion de Software\Producto Software\Proyecto 1\v0.0\UPC.Trabajo.KBHit\Test\TUUABCTest.cs:line 128
</StackTrace>
        </ErrorInfo>
      </Output>
    </UnitTestResult>
    <UnitTestResult executionId="86d9951f-edc4-442f-8e54-f8519822e0d0" testId="a4d79ee8-f273-837c-5f4e-75385de97e22" testName="ObtenerAeropuertoTest" computerName="LAPTOPMICHAEL" duration="00:00:00.0491934" startTime="2010-11-18T21:06:43.5100000-05:00" endTime="2010-11-18T21:06:43.5740000-05:00" testType="13cdc9d9-ddb5-4fa4-a97d-d965ccfc6d4b" outcome="Passed" testListId="8c84fa94-04c1-424b-9868-57a2d4851a1d" relativeResultsDirectory="86d9951f-edc4-442f-8e54-f8519822e0d0">
    </UnitTestResult>
    <UnitTestResult executionId="5f2c4dda-d8c4-437a-93af-b66f64a11c26" testId="a699b856-f2d2-91e0-3141-fe61a8dd497c" testName="RegistrarTUUATest" computerName="LAPTOPMICHAEL" duration="00:00:00.0023817" startTime="2010-11-18T21:06:43.5780000-05:00" endTime="2010-11-18T21:06:43.5890000-05:00" testType="13cdc9d9-ddb5-4fa4-a97d-d965ccfc6d4b" outcome="Failed" testListId="8c84fa94-04c1-424b-9868-57a2d4851a1d" relativeResultsDirectory="5f2c4dda-d8c4-437a-93af-b66f64a11c26">
      <Output>
        <ErrorInfo>
          <Message>Test method Test.TUUABCTest.RegistrarTUUATest threw exception: 
System.NullReferenceException: Object reference not set to an instance of an object.</Message>
          <StackTrace>    at Test.TUUABCTest.RegistrarTUUATest() in C:\Users\curacao\Documents\Michael - NoteBook\UPC\Año 2010\Evolucion de Software\Producto Software\Proyecto 1\v0.0\UPC.Trabajo.KBHit\Test\TUUABCTest.cs:line 80
</StackTrace>
        </ErrorInfo>
      </Output>
    </UnitTestResult>
    <UnitTestResult executionId="a75d374f-72ce-4116-91cc-802e635321cc" testId="afe2461b-ce4c-a24c-0275-97dcb51e9e9c" testName="ListarTUUAsTest1" computerName="LAPTOPMICHAEL" duration="00:00:00.0055876" startTime="2010-11-18T21:06:43.5950000-05:00" endTime="2010-11-18T21:06:43.6100000-05:00" testType="13cdc9d9-ddb5-4fa4-a97d-d965ccfc6d4b" outcome="Failed" testListId="8c84fa94-04c1-424b-9868-57a2d4851a1d" relativeResultsDirectory="a75d374f-72ce-4116-91cc-802e635321cc">
      <Output>
        <ErrorInfo>
          <Message>Assert.AreEqual failed. Expected:&lt;(null)&gt;. Actual:&lt;System.Collections.Generic.List`1[UPC.Trabajo.KBHit.BE.TUUABE]&gt;. </Message>
          <StackTrace>   at Test.TUUABCTest.ListarTUUAsTest1() in C:\Users\curacao\Documents\Michael - NoteBook\UPC\Año 2010\Evolucion de Software\Producto Software\Proyecto 1\v0.0\UPC.Trabajo.KBHit\Test\TUUABCTest.cs:line 172
</StackTrace>
        </ErrorInfo>
      </Output>
    </UnitTestResult>
    <UnitTestResult executionId="8763b596-9801-48c8-b209-437b9d5690c3" testId="bb370942-5987-474b-60f8-fcdf4ad5ba60" testName="ObtenerTUUATest1" computerName="LAPTOPMICHAEL" duration="00:00:00.1112040" startTime="2010-11-18T21:06:43.6150000-05:00" endTime="2010-11-18T21:06:43.7370000-05:00" testType="13cdc9d9-ddb5-4fa4-a97d-d965ccfc6d4b" outcome="Failed" testListId="8c84fa94-04c1-424b-9868-57a2d4851a1d" relativeResultsDirectory="8763b596-9801-48c8-b209-437b9d5690c3">
      <Output>
        <ErrorInfo>
          <Message>Test method Test.TUUABCTest.ObtenerTUUATest1 threw exception: 
System.Data.SqlClient.SqlException: No se encontró el procedimiento almacenado 'uspTUUAObtener'.</Message>
          <StackTrace>    at UPC.Trabajo.KBHit.BC.TUUABC.ObtenerTUUA(Int32 codigo) in C:\Users\curacao\Documents\Michael - NoteBook\UPC\Año 2010\Evolucion de Software\Producto Software\Proyecto 1\v0.0\UPC.Trabajo.KBHit\UPC.Trabajo.KBHit.BC\TUUABC.cs:line 99
   at Test.TUUABCTest.ObtenerTUUATest1() in C:\Users\curacao\Documents\Michael - NoteBook\UPC\Año 2010\Evolucion de Software\Producto Software\Proyecto 1\v0.0\UPC.Trabajo.KBHit\Test\TUUABCTest.cs:line 157
</StackTrace>
        </ErrorInfo>
      </Output>
    </UnitTestResult>
    <UnitTestResult executionId="3f96e043-2ca9-4dac-ba19-2ed0442f27d8" testId="c1587f24-b29d-9a48-efd9-29814b85cc66" testName="ObtenerTUUATest" computerName="LAPTOPMICHAEL" duration="00:00:00.0279214" startTime="2010-11-18T21:06:43.7420000-05:00" endTime="2010-11-18T21:06:43.7880000-05:00" testType="13cdc9d9-ddb5-4fa4-a97d-d965ccfc6d4b" outcome="Failed" testListId="8c84fa94-04c1-424b-9868-57a2d4851a1d" relativeResultsDirectory="3f96e043-2ca9-4dac-ba19-2ed0442f27d8">
      <Output>
        <ErrorInfo>
          <Message>Test method Test.TUUABCTest.ObtenerTUUATest threw exception: 
System.Data.SqlClient.SqlException: No se encontró el procedimiento almacenado 'uspTUUAObtener'.</Message>
          <StackTrace>    at UPC.Trabajo.KBHit.BC.TUUABC.ObtenerTUUA(Int32 codigo) in C:\Users\curacao\Documents\Michael - NoteBook\UPC\Año 2010\Evolucion de Software\Producto Software\Proyecto 1\v0.0\UPC.Trabajo.KBHit\UPC.Trabajo.KBHit.BC\TUUABC.cs:line 99
   at Test.TUUABCTest.ObtenerTUUATest() in C:\Users\curacao\Documents\Michael - NoteBook\UPC\Año 2010\Evolucion de Software\Producto Software\Proyecto 1\v0.0\UPC.Trabajo.KBHit\Test\TUUABCTest.cs:line 113
</StackTrace>
        </ErrorInfo>
      </Output>
    </UnitTestResult>
    <UnitTestResult executionId="9014fa2f-bbb4-4893-a285-f370685feec2" testId="c3c8361a-ae47-13ac-7812-feb4815963af" testName="ObtenerPlataformaTest" computerName="LAPTOPMICHAEL" duration="00:00:00.4414666" startTime="2010-11-18T21:06:43.7960000-05:00" endTime="2010-11-18T21:06:44.2490000-05:00" testType="13cdc9d9-ddb5-4fa4-a97d-d965ccfc6d4b" outcome="Passed" testListId="8c84fa94-04c1-424b-9868-57a2d4851a1d" relativeResultsDirectory="9014fa2f-bbb4-4893-a285-f370685feec2">
    </UnitTestResult>
  </Results>
</TestRun>