<?xml version="1.0" encoding="UTF-8"?>
<TestRun id="5a1faba3-dddf-4b39-9e73-e88a9a114382" name="curacao@LAPTOPMICHAEL 2010-07-03 11:48:05" runUser="LAPTOPMICHAEL\curacao" xmlns="http://microsoft.com/schemas/VisualStudio/TeamTest/2006">
  <TestRunConfiguration name="Local Test Run" id="c4f4f54d-cb71-44da-a4a9-eda63816ca12">
    <Description>This is a default test run configuration for a local test run.</Description>
    <Deployment runDeploymentRoot="C:\Users\curacao\Documents\Michael - NoteBook\UPC\Año 2010\Diseño\TrabajoFinal\v1.7\UPC.Trabajo.KBHit\TestResults\curacao_LAPTOPMICHAEL 2010-07-03 11_48_05">
      <DeploymentItem filename="C:\Users\curacao\Documents\Michael - NoteBook\UPC\Año 2010\Diseño\TrabajoFinal\v1.7\UPC.Trabajo.KBHit\UPC.Trabajo.KBHit.BE\bin\Debug\UPC.Trabajo.KBHit.BE.dll" />
      <DeploymentItem filename="C:\Users\curacao\Documents\Michael - NoteBook\UPC\Año 2010\Diseño\TrabajoFinal\v1.7\UPC.Trabajo.KBHit\UPC.Trabajo.KBHit.BC\bin\Debug\UPC.Trabajo.KBHit.BC.dll" />
      <DeploymentItem filename="C:\Users\curacao\Documents\Michael - NoteBook\UPC\Año 2010\Diseño\TrabajoFinal\v1.7\UPC.Trabajo.KBHit\UPC.Trabajo.KBHit.DALC\bin\Debug\UPC.Trabajo.KBHit.DALC.dll" />
    </Deployment>
    <TestTypeSpecific />
  </TestRunConfiguration>
  <ResultSummary outcome="Completed">
    <Counters total="1" executed="1" passed="1" error="0" failed="0" timeout="0" aborted="0" inconclusive="0" passedButRunAborted="0" notRunnable="0" notExecuted="0" disconnected="0" warning="0" completed="0" inProgress="0" pending="0" />
  </ResultSummary>
  <Times creation="2010-07-03T11:48:05.7948000-05:00" queuing="2010-07-03T11:48:06.2004000-05:00" start="2010-07-03T11:48:06.2472000-05:00" finish="2010-07-03T11:48:07.0080000-05:00" />
  <TestDefinitions>
    <UnitTest name="ObtenerPlataformaTest" storage="c:\users\curacao\documents\michael - notebook\upc\año 2010\diseño\trabajofinal\v1.7\upc.trabajo.kbhit\test\bin\debug\test.dll" id="c3c8361a-ae47-13ac-7812-feb4815963af">
      <Css projectStructure="" iteration="" />
      <Owners>
        <Owner name="" />
      </Owners>
      <Execution id="1d40cfb1-8737-4153-9845-3f8ae9bc8d6a" />
      <TestMethod codeBase="C:\Users\curacao\Documents\Michael - NoteBook\UPC\Año 2010\Diseño\TrabajoFinal\v1.7\UPC.Trabajo.KBHit\Test\bin\Debug\Test.dll" adapterTypeName="Microsoft.VisualStudio.TestTools.TestTypes.Unit.UnitTestAdapter, Microsoft.VisualStudio.QualityTools.Tips.UnitTest.Adapter, Version=9.0.0.0, Culture=neutral, PublicKeyToken=b03f5f7f11d50a3a" className="Test.PlataformaBCTest, Test" name="ObtenerPlataformaTest" />
    </UnitTest>
  </TestDefinitions>
  <TestLists>
    <TestList name="Results Not in a List" id="8c84fa94-04c1-424b-9868-57a2d4851a1d" />
    <TestList name="All Loaded Results" id="19431567-8539-422a-85d7-44ee4e166bda" />
  </TestLists>
  <TestEntries>
    <TestEntry testId="c3c8361a-ae47-13ac-7812-feb4815963af" executionId="1d40cfb1-8737-4153-9845-3f8ae9bc8d6a" testListId="8c84fa94-04c1-424b-9868-57a2d4851a1d" />
  </TestEntries>
  <Results>
    <UnitTestResult executionId="1d40cfb1-8737-4153-9845-3f8ae9bc8d6a" testId="c3c8361a-ae47-13ac-7812-feb4815963af" testName="ObtenerPlataformaTest" computerName="LAPTOPMICHAEL" duration="00:00:00.0933358" startTime="2010-07-03T11:48:06.2784000-05:00" endTime="2010-07-03T11:48:06.9970000-05:00" testType="13cdc9d9-ddb5-4fa4-a97d-d965ccfc6d4b" outcome="Passed" testListId="8c84fa94-04c1-424b-9868-57a2d4851a1d">
      <Output>
      </Output>
    </UnitTestResult>
  </Results>
</TestRun>