<?xml version="1.0" encoding="UTF-8"?>
<TestRun id="5304044b-15ca-4c2d-944a-c59fac353ccf" name="curacao@LAPTOPMICHAEL 2010-11-12 17:42:18" runUser="LAPTOPMICHAEL\curacao" xmlns="http://microsoft.com/schemas/VisualStudio/TeamTest/2010">
  <TestSettings name="Local Test Run" id="c4f4f54d-cb71-44da-a4a9-eda63816ca12">
    <Description>This is a default test run configuration for a local test run.</Description>
    <Deployment runDeploymentRoot="curacao_LAPTOPMICHAEL 2010-11-12 17_42_18">
      <DeploymentItem filename="C:\Users\curacao\Desktop\KBHit\trunk\Construcción\UPC.Trabajo.KBHit.BC\bin\Release\UPC.Trabajo.KBHit.BC.dll" />
      <DeploymentItem filename="C:\Users\curacao\Desktop\KBHit\trunk\Construcción\UPC.Trabajo.KBHit.BE\bin\Release\UPC.Trabajo.KBHit.BE.dll" />
      <DeploymentItem filename="C:\Users\curacao\Desktop\KBHit\trunk\Construcción\UPC.Trabajo.KBHit.DALC\bin\Release\UPC.Trabajo.KBHit.DALC.dll" />
      <DeploymentItem filename="C:\Users\curacao\Desktop\KBHit\trunk\Construcción\UPC.Trabajo.KBHit.External\bin\Release\UPC.Trabajo.KBHit.External.dll" />
    </Deployment>
    <Execution>
      <TestTypeSpecific />
      <AgentRule name="Execution Agents">
      </AgentRule>
    </Execution>
  </TestSettings>
  <Times creation="2010-11-12T17:42:18.3430153-05:00" queuing="2010-11-12T17:42:21.5878153-05:00" start="2010-11-12T17:42:21.7750153-05:00" finish="2010-11-12T17:42:35.9764153-05:00" />
  <ResultSummary outcome="Warning">
    <Counters total="2" executed="2" passed="2" error="0" failed="0" timeout="0" aborted="0" inconclusive="0" passedButRunAborted="0" notRunnable="0" notExecuted="0" disconnected="0" warning="0" completed="0" inProgress="0" pending="0" />
    <RunInfos>
      <RunInfo computerName="LAPTOPMICHAEL" outcome="Warning" timestamp="2010-11-12T17:42:21.5098153-05:00">
        <Text>Warning: conflict during test run deployment: deployment item 'c:\users\curacao\desktop\kbhit\trunk\construcción\test\bin\debug\UPC.Trabajo.KBHit.BC.dll' directly or indirectly referenced by the test container 'c:\users\curacao\desktop\kbhit\trunk\construcción\test\bin\debug\test.dll' cannot be deployed to 'UPC.Trabajo.KBHit.BC.dll' because otherwise the file 'c:\users\curacao\desktop\kbhit\trunk\construcción\test\bin\debug\UPC.Trabajo.KBHit.BC.dll' would overwrite deployment item 'C:\Users\curacao\Desktop\KBHit\trunk\Construcción\UPC.Trabajo.KBHit.BC\bin\Release\UPC.Trabajo.KBHit.BC.dll' directly or indirectly referenced by C:\Users\curacao\Desktop\KBHit\trunk\Construcción\Test\bin\Debug\Test.dll.</Text>
      </RunInfo>
      <RunInfo computerName="LAPTOPMICHAEL" outcome="Warning" timestamp="2010-11-12T17:42:21.5098153-05:00">
        <Text>Warning: conflict during test run deployment: deployment item 'c:\users\curacao\desktop\kbhit\trunk\construcción\test\bin\debug\UPC.Trabajo.KBHit.BE.dll' directly or indirectly referenced by the test container 'c:\users\curacao\desktop\kbhit\trunk\construcción\test\bin\debug\test.dll' cannot be deployed to 'UPC.Trabajo.KBHit.BE.dll' because otherwise the file 'c:\users\curacao\desktop\kbhit\trunk\construcción\test\bin\debug\UPC.Trabajo.KBHit.BE.dll' would overwrite deployment item 'C:\Users\curacao\Desktop\KBHit\trunk\Construcción\UPC.Trabajo.KBHit.BE\bin\Release\UPC.Trabajo.KBHit.BE.dll' directly or indirectly referenced by C:\Users\curacao\Desktop\KBHit\trunk\Construcción\Test\bin\Debug\Test.dll.</Text>
      </RunInfo>
      <RunInfo computerName="LAPTOPMICHAEL" outcome="Warning" timestamp="2010-11-12T17:42:21.5098153-05:00">
        <Text>Warning: conflict during test run deployment: deployment item 'c:\users\curacao\desktop\kbhit\trunk\construcción\test\bin\debug\UPC.Trabajo.KBHit.External.dll' directly or indirectly referenced by the test container 'c:\users\curacao\desktop\kbhit\trunk\construcción\test\bin\debug\test.dll' cannot be deployed to 'UPC.Trabajo.KBHit.External.dll' because otherwise the file 'c:\users\curacao\desktop\kbhit\trunk\construcción\test\bin\debug\UPC.Trabajo.KBHit.External.dll' would overwrite deployment item 'C:\Users\curacao\Desktop\KBHit\trunk\Construcción\UPC.Trabajo.KBHit.External\bin\Release\UPC.Trabajo.KBHit.External.dll' directly or indirectly referenced by C:\Users\curacao\Desktop\KBHit\trunk\Construcción\Test\bin\Debug\Test.dll.</Text>
      </RunInfo>
      <RunInfo computerName="LAPTOPMICHAEL" outcome="Warning" timestamp="2010-11-12T17:42:21.5098153-05:00">
        <Text>Warning: conflict during test run deployment: deployment item 'c:\users\curacao\desktop\kbhit\trunk\construcción\test\bin\debug\UPC.Trabajo.KBHit.DALC.dll' directly or indirectly referenced by the test container 'c:\users\curacao\desktop\kbhit\trunk\construcción\test\bin\debug\test.dll' cannot be deployed to 'UPC.Trabajo.KBHit.DALC.dll' because otherwise the file 'c:\users\curacao\desktop\kbhit\trunk\construcción\test\bin\debug\UPC.Trabajo.KBHit.DALC.dll' would overwrite deployment item 'C:\Users\curacao\Desktop\KBHit\trunk\Construcción\UPC.Trabajo.KBHit.DALC\bin\Release\UPC.Trabajo.KBHit.DALC.dll' directly or indirectly referenced by C:\Users\curacao\Desktop\KBHit\trunk\Construcción\Test\bin\Debug\Test.dll.</Text>
      </RunInfo>
    </RunInfos>
  </ResultSummary>
  <TestDefinitions>
    <UnitTest name="ObtenerAeropuertoTest" storage="c:\users\curacao\desktop\kbhit\trunk\construcción\test\bin\debug\test.dll" id="a4d79ee8-f273-837c-5f4e-75385de97e22">
      <Execution id="115e890d-8b20-4c7d-bea8-e04234b6609a" />
      <TestMethod codeBase="C:/Users/curacao/Desktop/KBHit/trunk/Construcción/Test/bin/Debug/Test.DLL" adapterTypeName="Microsoft.VisualStudio.TestTools.TestTypes.Unit.UnitTestAdapter, Microsoft.VisualStudio.QualityTools.Tips.UnitTest.Adapter, Version=10.0.0.0, Culture=neutral, PublicKeyToken=b03f5f7f11d50a3a" className="Test.AeropuertoBCTest, Test, Version=1.0.0.0, Culture=neutral, PublicKeyToken=null" name="ObtenerAeropuertoTest" />
    </UnitTest>
    <UnitTest name="ObtenerPlataformaTest" storage="c:\users\curacao\desktop\kbhit\trunk\construcción\test\bin\debug\test.dll" id="c3c8361a-ae47-13ac-7812-feb4815963af">
      <Execution id="5f23c2e9-c540-4be4-8748-25c1ede9fe45" />
      <TestMethod codeBase="C:/Users/curacao/Desktop/KBHit/trunk/Construcción/Test/bin/Debug/Test.DLL" adapterTypeName="Microsoft.VisualStudio.TestTools.TestTypes.Unit.UnitTestAdapter, Microsoft.VisualStudio.QualityTools.Tips.UnitTest.Adapter, Version=10.0.0.0, Culture=neutral, PublicKeyToken=b03f5f7f11d50a3a" className="Test.PlataformaBCTest, Test, Version=1.0.0.0, Culture=neutral, PublicKeyToken=null" name="ObtenerPlataformaTest" />
    </UnitTest>
  </TestDefinitions>
  <TestLists>
    <TestList name="Results Not in a List" id="8c84fa94-04c1-424b-9868-57a2d4851a1d" />
    <TestList name="All Loaded Results" id="19431567-8539-422a-85d7-44ee4e166bda" />
  </TestLists>
  <TestEntries>
    <TestEntry testId="a4d79ee8-f273-837c-5f4e-75385de97e22" executionId="115e890d-8b20-4c7d-bea8-e04234b6609a" testListId="8c84fa94-04c1-424b-9868-57a2d4851a1d" />
    <TestEntry testId="c3c8361a-ae47-13ac-7812-feb4815963af" executionId="5f23c2e9-c540-4be4-8748-25c1ede9fe45" testListId="8c84fa94-04c1-424b-9868-57a2d4851a1d" />
  </TestEntries>
  <Results>
    <UnitTestResult executionId="115e890d-8b20-4c7d-bea8-e04234b6609a" testId="a4d79ee8-f273-837c-5f4e-75385de97e22" testName="ObtenerAeropuertoTest" computerName="LAPTOPMICHAEL" duration="00:00:10.5539749" startTime="2010-11-12T17:42:22.1026153-05:00" endTime="2010-11-12T17:42:33.5654153-05:00" testType="13cdc9d9-ddb5-4fa4-a97d-d965ccfc6d4b" outcome="Passed" testListId="8c84fa94-04c1-424b-9868-57a2d4851a1d" relativeResultsDirectory="115e890d-8b20-4c7d-bea8-e04234b6609a">
    </UnitTestResult>
    <UnitTestResult executionId="5f23c2e9-c540-4be4-8748-25c1ede9fe45" testId="c3c8361a-ae47-13ac-7812-feb4815963af" testName="ObtenerPlataformaTest" computerName="LAPTOPMICHAEL" duration="00:00:00.7473469" startTime="2010-11-12T17:42:33.5824153-05:00" endTime="2010-11-12T17:42:34.3544153-05:00" testType="13cdc9d9-ddb5-4fa4-a97d-d965ccfc6d4b" outcome="Passed" testListId="8c84fa94-04c1-424b-9868-57a2d4851a1d" relativeResultsDirectory="5f23c2e9-c540-4be4-8748-25c1ede9fe45">
    </UnitTestResult>
  </Results>
</TestRun>